2013-09-21 10:14:56.882 Kush[1850:a0b] Multi-tasking -> Device: YES, App: YES
2013-09-21 10:14:57.170 Kush[1850:a0b] Resetting plugins due to page load.
2013-09-21 10:14:57.237 Kush[1850:a0b] Finished load of: file:///Users/kyledavis/Library/Application%20Support/iPhone%20Simulator/7.0/Applications/04D8F80A-7FDC-4E1B-BBBB-39B838F70BE9/Kush.app/www/index.html
2013-09-21 10:14:57.300 Kush[1850:a0b] Resetting plugins due to page load.
2013-09-21 10:15:01.418 Kush[1850:a0b] Finished load of: http://app.kushapp.com/#login
2013-09-21 10:23:44.553 Kush[2299:a0b] Multi-tasking -> Device: YES, App: YES
2013-09-21 10:23:44.853 Kush[2299:a0b] Resetting plugins due to page load.
2013-09-21 10:23:44.922 Kush[2299:a0b] Finished load of: file:///Users/kyledavis/Library/Application%20Support/iPhone%20Simulator/7.0/Applications/04D8F80A-7FDC-4E1B-BBBB-39B838F70BE9/Kush.app/www/index.html
2013-09-21 10:23:44.987 Kush[2299:a0b] Resetting plugins due to page load.
2013-09-21 10:23:47.167 Kush[2299:a0b] Finished load of: http://app.kushapp.com/#login
2013-09-21 10:32:58.045 Kush[3358:a0b] Multi-tasking -> Device: YES, App: YES
2013-09-21 10:32:58.330 Kush[3358:a0b] Resetting plugins due to page load.
2013-09-21 10:32:58.406 Kush[3358:a0b] Finished load of: file:///Users/kyledavis/Library/Application%20Support/iPhone%20Simulator/7.0/Applications/04D8F80A-7FDC-4E1B-BBBB-39B838F70BE9/Kush.app/www/index.html
2013-09-21 10:32:58.418 Kush[3358:a0b] Resetting plugins due to page load.
2013-09-21 10:33:01.367 Kush[3358:a0b] Finished load of: http://app.kushapp.com/#login
2013-09-21 10:47:25.822 Kush[4799:a0b] Multi-tasking -> Device: YES, App: YES
2013-09-21 10:47:26.163 Kush[4799:a0b] Resetting plugins due to page load.
2013-09-21 10:47:26.329 Kush[4799:a0b] Finished load of: file:///Users/kyledavis/Library/Application%20Support/iPhone%20Simulator/7.0/Applications/04D8F80A-7FDC-4E1B-BBBB-39B838F70BE9/Kush.app/www/index.html
2013-09-21 10:47:26.390 Kush[4799:a0b] Resetting plugins due to page load.
2013-09-21 10:47:26.549 Kush[4799:a0b] Failed to load webpage with error: Could not connect to the server.
2013-09-21 10:48:00.611 Kush[4799:a0b] Resetting plugins due to page load.
2013-09-21 10:48:00.662 Kush[4799:a0b] Finished load of: file:///Users/kyledavis/Library/Application%20Support/iPhone%20Simulator/7.0/Applications/04D8F80A-7FDC-4E1B-BBBB-39B838F70BE9/Kush.app/www/index.html
2013-09-21 10:48:00.698 Kush[4799:a0b] Resetting plugins due to page load.
2013-09-21 10:48:00.704 Kush[4799:a0b] Failed to load webpage with error: Could not connect to the server.
2013-09-21 10:48:38.349 Kush[4799:a0b] Resetting plugins due to page load.
2013-09-21 10:48:38.407 Kush[4799:a0b] Finished load of: file:///Users/kyledavis/Library/Application%20Support/iPhone%20Simulator/7.0/Applications/04D8F80A-7FDC-4E1B-BBBB-39B838F70BE9/Kush.app/www/index.html
2013-09-21 10:48:38.446 Kush[4799:a0b] Resetting plugins due to page load.
2013-09-21 10:48:39.273 Kush[4799:a0b] Finished load of: http://kyle.local:9000/#login
2013-09-21 11:30:31.302 Kush[7377:a0b] Multi-tasking -> Device: YES, App: YES
2013-09-21 11:30:31.356 Kush[7377:a0b] [I] +[UAirship executeUnsafeTakeOff:] [Line 149] App Key: naPzDmqoQJCQFojd3YiWcg
2013-09-21 11:30:31.358 Kush[7377:a0b] [I] +[UAirship executeUnsafeTakeOff:] [Line 150] App Secret: riEKMVgcRZmRf22o3KCatw
2013-09-21 11:30:31.359 Kush[7377:a0b] [I] +[UAirship executeUnsafeTakeOff:] [Line 151] Server: https://device-api.urbanairship.com
2013-09-21 11:30:31.361 Kush[7377:a0b] [D] -[UAirship configureUserAgent] [Line 288] Setting User-Agent for UA requests to Kush 1.0.0 (iPhone Simulator; iPhone OS 7.0; UALib 2.0.3; naPzDmqoQJCQFojd3YiWcg; en_US)
2013-09-21 11:30:31.367 Kush[7377:a0b] [D] void PrintReachabilityFlags(SCNetworkReachabilityFlags, const char *) [Line 79] Reachability Flag Status: -R -----l- networkStatusForFlags
2013-09-21 11:30:31.405 Kush[7377:a0b] [D] +[UAKeychainUtils getDeviceID] [Line 260] Device model changed. Regenerating the device ID.
2013-09-21 11:30:31.430 Kush[7377:a0b] [D] +[UAKeychainUtils getDeviceID] [Line 263] New device ID: 2D4C3EBF-3676-4DF0-A0B1-571CFDEE7242
2013-09-21 11:30:31.438 Kush[7377:a0b] [D] -[UAUserAPIClient requestToCreateUserWithDeviceToken:] [Line 60] Request to create user with body: {"ua_device_id":"2D4C3EBF-3676-4DF0-A0B1-571CFDEE7242"}
2013-09-21 11:30:31.447 Kush[7377:a0b] [CDVTimer][pushnotificationplugin] 100.912988ms
2013-09-21 11:30:31.453 Kush[7377:a0b] [CDVTimer][TotalPluginStartup] 103.259027ms
2013-09-21 11:30:31.485 Kush[7377:a0b] active
2013-09-21 11:30:31.769 Kush[7377:a0b] Resetting plugins due to page load.
2013-09-21 11:30:31.771 Kush[7377:a0b] [E] -[UAAutoAppDelegate application:didFailToRegisterForRemoteNotificationsWithError:] [Line 43] Failed To Register For Remote Notifications With Error: Error Domain=NSCocoaErrorDomain Code=3010 "remote notifications are not supported in the simulator" UserInfo=0xc2c67a0 {NSLocalizedDescription=remote notifications are not supported in the simulator}
2013-09-21 11:30:31.881 Kush[7377:a0b] Finished load of: file:///Users/kyledavis/Library/Application%20Support/iPhone%20Simulator/7.0/Applications/04D8F80A-7FDC-4E1B-BBBB-39B838F70BE9/Kush.app/www/index.html
2013-09-21 11:30:32.053 Kush[7377:a0b] [D] -[UAUser updateDefaultDeviceToken] [Line 250] Skipping device token update: no token, already up to date, or user is being updated.
2013-09-21 11:30:46.619 Kush[7377:a0b] [D] __39-[UAAnalytics sendOperationWithEvents:]_block_invoke [Line 622] Analytics data sent successfully. Status: 200
2013-09-21 11:33:59.111 Kush[7783:a0b] Multi-tasking -> Device: YES, App: YES
2013-09-21 11:33:59.155 Kush[7783:a0b] [I] +[UAirship executeUnsafeTakeOff:] [Line 149] App Key: naPzDmqoQJCQFojd3YiWcg
2013-09-21 11:33:59.160 Kush[7783:a0b] [I] +[UAirship executeUnsafeTakeOff:] [Line 150] App Secret: riEKMVgcRZmRf22o3KCatw
2013-09-21 11:33:59.161 Kush[7783:a0b] [I] +[UAirship executeUnsafeTakeOff:] [Line 151] Server: https://device-api.urbanairship.com
2013-09-21 11:33:59.163 Kush[7783:a0b] [D] -[UAirship configureUserAgent] [Line 288] Setting User-Agent for UA requests to Kush 1.0.0 (iPhone Simulator; iPhone OS 7.0; UALib 2.0.3; naPzDmqoQJCQFojd3YiWcg; en_US)
2013-09-21 11:33:59.166 Kush[7783:a0b] [D] void PrintReachabilityFlags(SCNetworkReachabilityFlags, const char *) [Line 79] Reachability Flag Status: -R -----l- networkStatusForFlags
2013-09-21 11:33:59.178 Kush[7783:a0b] [CDVTimer][pushnotificationplugin] 33.957005ms
2013-09-21 11:33:59.178 Kush[7783:a0b] [CDVTimer][TotalPluginStartup] 34.785986ms
2013-09-21 11:33:59.200 Kush[7783:a0b] active
2013-09-21 11:33:59.524 Kush[7783:a0b] Resetting plugins due to page load.
2013-09-21 11:33:59.526 Kush[7783:a0b] [E] -[UAAutoAppDelegate application:didFailToRegisterForRemoteNotificationsWithError:] [Line 43] Failed To Register For Remote Notifications With Error: Error Domain=NSCocoaErrorDomain Code=3010 "remote notifications are not supported in the simulator" UserInfo=0xc066210 {NSLocalizedDescription=remote notifications are not supported in the simulator}
2013-09-21 11:33:59.629 Kush[7783:a0b] Finished load of: file:///Users/kyledavis/Library/Application%20Support/iPhone%20Simulator/7.0/Applications/04D8F80A-7FDC-4E1B-BBBB-39B838F70BE9/Kush.app/www/index.html
2013-09-21 11:34:14.175 Kush[7783:4d0f] [D] +[UAKeychainUtils getDeviceID] [Line 236] Retrieved device id info from keychain.
2013-09-21 11:34:14.175 Kush[7783:4d0f] [D] +[UAKeychainUtils getDeviceID] [Line 246] Loaded Device ID: 2D4C3EBF-3676-4DF0-A0B1-571CFDEE7242
2013-09-21 11:34:14.175 Kush[7783:4d0f] [D] +[UAKeychainUtils getDeviceID] [Line 247] Loaded Model Name: x86_64
2013-09-21 11:34:14.436 Kush[7783:a0b] [D] __39-[UAAnalytics sendOperationWithEvents:]_block_invoke [Line 622] Analytics data sent successfully. Status: 200
2013-09-21 11:35:29.002 Kush[8173:a0b] Multi-tasking -> Device: YES, App: YES
2013-09-21 11:35:29.065 Kush[8173:a0b] [I] +[UAirship executeUnsafeTakeOff:] [Line 149] App Key: naPzDmqoQJCQFojd3YiWcg
2013-09-21 11:35:29.067 Kush[8173:a0b] [I] +[UAirship executeUnsafeTakeOff:] [Line 150] App Secret: riEKMVgcRZmRf22o3KCatw
2013-09-21 11:35:29.068 Kush[8173:a0b] [I] +[UAirship executeUnsafeTakeOff:] [Line 151] Server: https://device-api.urbanairship.com
2013-09-21 11:35:29.081 Kush[8173:a0b] [D] -[UAirship configureUserAgent] [Line 288] Setting User-Agent for UA requests to Kush 1.0.0 (iPhone Simulator; iPhone OS 7.0; UALib 2.0.3; naPzDmqoQJCQFojd3YiWcg; en_US)
2013-09-21 11:35:29.093 Kush[8173:a0b] [D] void PrintReachabilityFlags(SCNetworkReachabilityFlags, const char *) [Line 79] Reachability Flag Status: -R -----l- networkStatusForFlags
2013-09-21 11:35:29.429 Kush[8173:a0b] [CDVTimer][pushnotificationplugin] 396.650016ms
2013-09-21 11:35:29.429 Kush[8173:a0b] [CDVTimer][TotalPluginStartup] 397.382975ms
2013-09-21 11:35:29.517 Kush[8173:a0b] active
2013-09-21 11:35:29.814 Kush[8173:a0b] Resetting plugins due to page load.
2013-09-21 11:35:29.822 Kush[8173:a0b] [E] -[UAAutoAppDelegate application:didFailToRegisterForRemoteNotificationsWithError:] [Line 43] Failed To Register For Remote Notifications With Error: Error Domain=NSCocoaErrorDomain Code=3010 "remote notifications are not supported in the simulator" UserInfo=0xc0228c0 {NSLocalizedDescription=remote notifications are not supported in the simulator}
2013-09-21 11:35:29.908 Kush[8173:a0b] Finished load of: file:///Users/kyledavis/Library/Application%20Support/iPhone%20Simulator/7.0/Applications/04D8F80A-7FDC-4E1B-BBBB-39B838F70BE9/Kush.app/www/index.html
2013-09-21 11:35:44.102 Kush[8173:1003] [D] +[UAKeychainUtils getDeviceID] [Line 236] Retrieved device id info from keychain.
2013-09-21 11:35:44.103 Kush[8173:1003] [D] +[UAKeychainUtils getDeviceID] [Line 246] Loaded Device ID: 2D4C3EBF-3676-4DF0-A0B1-571CFDEE7242
2013-09-21 11:35:44.103 Kush[8173:1003] [D] +[UAKeychainUtils getDeviceID] [Line 247] Loaded Model Name: x86_64
2013-09-21 11:35:44.370 Kush[8173:a0b] [D] __39-[UAAnalytics sendOperationWithEvents:]_block_invoke [Line 622] Analytics data sent successfully. Status: 200
2013-09-21 11:36:18.219 Kush[8555:a0b] Multi-tasking -> Device: YES, App: YES
2013-09-21 11:36:18.261 Kush[8555:a0b] [I] +[UAirship executeUnsafeTakeOff:] [Line 149] App Key: naPzDmqoQJCQFojd3YiWcg
2013-09-21 11:36:18.262 Kush[8555:a0b] [I] +[UAirship executeUnsafeTakeOff:] [Line 150] App Secret: riEKMVgcRZmRf22o3KCatw
2013-09-21 11:36:18.263 Kush[8555:a0b] [I] +[UAirship executeUnsafeTakeOff:] [Line 151] Server: https://device-api.urbanairship.com
2013-09-21 11:36:18.270 Kush[8555:a0b] [D] -[UAirship configureUserAgent] [Line 288] Setting User-Agent for UA requests to Kush 1.0.0 (iPhone Simulator; iPhone OS 7.0; UALib 2.0.3; naPzDmqoQJCQFojd3YiWcg; en_US)
2013-09-21 11:36:18.274 Kush[8555:a0b] [D] void PrintReachabilityFlags(SCNetworkReachabilityFlags, const char *) [Line 79] Reachability Flag Status: -R -----l- networkStatusForFlags
2013-09-21 11:36:18.283 Kush[8555:a0b] [CDVTimer][pushnotificationplugin] 29.765010ms
2013-09-21 11:36:18.284 Kush[8555:a0b] [CDVTimer][TotalPluginStartup] 31.355023ms
2013-09-21 11:36:18.306 Kush[8555:a0b] active
2013-09-21 11:36:18.404 Kush[8555:a0b] [E] -[UAAutoAppDelegate application:didFailToRegisterForRemoteNotificationsWithError:] [Line 43] Failed To Register For Remote Notifications With Error: Error Domain=NSCocoaErrorDomain Code=3010 "remote notifications are not supported in the simulator" UserInfo=0xb38b970 {NSLocalizedDescription=remote notifications are not supported in the simulator}
2013-09-21 11:36:18.429 Kush[8555:a0b] Resetting plugins due to page load.
2013-09-21 11:36:18.547 Kush[8555:a0b] Finished load of: file:///Users/kyledavis/Library/Application%20Support/iPhone%20Simulator/7.0/Applications/04D8F80A-7FDC-4E1B-BBBB-39B838F70BE9/Kush.app/www/index.html
2013-09-21 11:36:59.282 Kush[8555:1003] [D] +[UAKeychainUtils getDeviceID] [Line 236] Retrieved device id info from keychain.
2013-09-21 11:36:59.282 Kush[8555:1003] [D] +[UAKeychainUtils getDeviceID] [Line 246] Loaded Device ID: 2D4C3EBF-3676-4DF0-A0B1-571CFDEE7242
2013-09-21 11:36:59.282 Kush[8555:1003] [D] +[UAKeychainUtils getDeviceID] [Line 247] Loaded Model Name: x86_64
2013-09-21 11:36:59.479 Kush[8555:a0b] [D] __39-[UAAnalytics sendOperationWithEvents:]_block_invoke [Line 622] Analytics data sent successfully. Status: 200
2013-09-21 11:37:19.286 Kush[8939:a0b] Multi-tasking -> Device: YES, App: YES
2013-09-21 11:37:19.330 Kush[8939:a0b] [I] +[UAirship executeUnsafeTakeOff:] [Line 149] App Key: naPzDmqoQJCQFojd3YiWcg
2013-09-21 11:37:19.332 Kush[8939:a0b] [I] +[UAirship executeUnsafeTakeOff:] [Line 150] App Secret: riEKMVgcRZmRf22o3KCatw
2013-09-21 11:37:19.333 Kush[8939:a0b] [I] +[UAirship executeUnsafeTakeOff:] [Line 151] Server: https://device-api.urbanairship.com
2013-09-21 11:37:19.338 Kush[8939:a0b] [D] -[UAirship configureUserAgent] [Line 288] Setting User-Agent for UA requests to Kush 1.0.0 (iPhone Simulator; iPhone OS 7.0; UALib 2.0.3; naPzDmqoQJCQFojd3YiWcg; en_US)
2013-09-21 11:37:19.341 Kush[8939:a0b] [D] void PrintReachabilityFlags(SCNetworkReachabilityFlags, const char *) [Line 79] Reachability Flag Status: -R -----l- networkStatusForFlags
2013-09-21 11:37:19.361 Kush[8939:a0b] [CDVTimer][pushnotificationplugin] 39.569974ms
2013-09-21 11:37:19.362 Kush[8939:a0b] [CDVTimer][TotalPluginStartup] 40.678978ms
2013-09-21 11:37:19.387 Kush[8939:a0b] active
2013-09-21 11:37:19.689 Kush[8939:a0b] Resetting plugins due to page load.
2013-09-21 11:37:19.694 Kush[8939:a0b] [E] -[UAAutoAppDelegate application:didFailToRegisterForRemoteNotificationsWithError:] [Line 43] Failed To Register For Remote Notifications With Error: Error Domain=NSCocoaErrorDomain Code=3010 "remote notifications are not supported in the simulator" UserInfo=0xc492ca0 {NSLocalizedDescription=remote notifications are not supported in the simulator}
2013-09-21 11:37:19.789 Kush[8939:a0b] Finished load of: file:///Users/kyledavis/Library/Application%20Support/iPhone%20Simulator/7.0/Applications/04D8F80A-7FDC-4E1B-BBBB-39B838F70BE9/Kush.app/www/index.html
2013-09-21 11:37:34.349 Kush[8939:1203] [D] +[UAKeychainUtils getDeviceID] [Line 236] Retrieved device id info from keychain.
2013-09-21 11:37:34.349 Kush[8939:1203] [D] +[UAKeychainUtils getDeviceID] [Line 246] Loaded Device ID: 2D4C3EBF-3676-4DF0-A0B1-571CFDEE7242
2013-09-21 11:37:34.350 Kush[8939:1203] [D] +[UAKeychainUtils getDeviceID] [Line 247] Loaded Model Name: x86_64
2013-09-21 11:37:34.585 Kush[8939:a0b] [D] __39-[UAAnalytics sendOperationWithEvents:]_block_invoke [Line 622] Analytics data sent successfully. Status: 200
2013-09-21 11:39:32.903 Kush[9336:a0b] Multi-tasking -> Device: YES, App: YES
2013-09-21 11:39:32.947 Kush[9336:a0b] [I] +[UAirship executeUnsafeTakeOff:] [Line 149] App Key: naPzDmqoQJCQFojd3YiWcg
2013-09-21 11:39:32.949 Kush[9336:a0b] [I] +[UAirship executeUnsafeTakeOff:] [Line 150] App Secret: riEKMVgcRZmRf22o3KCatw
2013-09-21 11:39:32.950 Kush[9336:a0b] [I] +[UAirship executeUnsafeTakeOff:] [Line 151] Server: https://device-api.urbanairship.com
2013-09-21 11:39:32.951 Kush[9336:a0b] [D] -[UAirship configureUserAgent] [Line 288] Setting User-Agent for UA requests to Kush 1.0.0 (iPhone Simulator; iPhone OS 7.0; UALib 2.0.3; naPzDmqoQJCQFojd3YiWcg; en_US)
2013-09-21 11:39:32.956 Kush[9336:a0b] [D] void PrintReachabilityFlags(SCNetworkReachabilityFlags, const char *) [Line 79] Reachability Flag Status: -R -----l- networkStatusForFlags
2013-09-21 11:39:32.965 Kush[9336:a0b] [CDVTimer][pushnotificationplugin] 25.676012ms
2013-09-21 11:39:32.966 Kush[9336:a0b] [CDVTimer][TotalPluginStartup] 26.335001ms
2013-09-21 11:39:32.984 Kush[9336:a0b] active
2013-09-21 11:39:33.263 Kush[9336:a0b] Resetting plugins due to page load.
2013-09-21 11:39:33.265 Kush[9336:a0b] [E] -[UAAutoAppDelegate application:didFailToRegisterForRemoteNotificationsWithError:] [Line 43] Failed To Register For Remote Notifications With Error: Error Domain=NSCocoaErrorDomain Code=3010 "remote notifications are not supported in the simulator" UserInfo=0xc35d8b0 {NSLocalizedDescription=remote notifications are not supported in the simulator}
2013-09-21 11:39:33.353 Kush[9336:a0b] Finished load of: file:///Users/kyledavis/Library/Application%20Support/iPhone%20Simulator/7.0/Applications/04D8F80A-7FDC-4E1B-BBBB-39B838F70BE9/Kush.app/www/index.html
2013-09-21 11:39:47.961 Kush[9336:5307] [D] +[UAKeychainUtils getDeviceID] [Line 236] Retrieved device id info from keychain.
2013-09-21 11:39:47.961 Kush[9336:5307] [D] +[UAKeychainUtils getDeviceID] [Line 246] Loaded Device ID: 2D4C3EBF-3676-4DF0-A0B1-571CFDEE7242
2013-09-21 11:39:47.962 Kush[9336:5307] [D] +[UAKeychainUtils getDeviceID] [Line 247] Loaded Model Name: x86_64
2013-09-21 11:39:48.196 Kush[9336:a0b] [D] __39-[UAAnalytics sendOperationWithEvents:]_block_invoke [Line 622] Analytics data sent successfully. Status: 200
2013-09-21 11:40:17.245 Kush[9719:a0b] Multi-tasking -> Device: YES, App: YES
2013-09-21 11:40:17.289 Kush[9719:a0b] [I] +[UAirship executeUnsafeTakeOff:] [Line 149] App Key: naPzDmqoQJCQFojd3YiWcg
2013-09-21 11:40:17.291 Kush[9719:a0b] [I] +[UAirship executeUnsafeTakeOff:] [Line 150] App Secret: riEKMVgcRZmRf22o3KCatw
2013-09-21 11:40:17.293 Kush[9719:a0b] [I] +[UAirship executeUnsafeTakeOff:] [Line 151] Server: https://device-api.urbanairship.com
2013-09-21 11:40:17.297 Kush[9719:a0b] [D] -[UAirship configureUserAgent] [Line 288] Setting User-Agent for UA requests to Kush 1.0.0 (iPhone Simulator; iPhone OS 7.0; UALib 2.0.3; naPzDmqoQJCQFojd3YiWcg; en_US)
2013-09-21 11:40:17.302 Kush[9719:a0b] [D] void PrintReachabilityFlags(SCNetworkReachabilityFlags, const char *) [Line 79] Reachability Flag Status: -R -----l- networkStatusForFlags
2013-09-21 11:40:17.312 Kush[9719:a0b] [CDVTimer][pushnotificationplugin] 32.970011ms
2013-09-21 11:40:17.314 Kush[9719:a0b] [CDVTimer][TotalPluginStartup] 34.509957ms
2013-09-21 11:40:17.338 Kush[9719:a0b] active
2013-09-21 11:40:17.620 Kush[9719:a0b] Resetting plugins due to page load.
2013-09-21 11:40:17.623 Kush[9719:a0b] [E] -[UAAutoAppDelegate application:didFailToRegisterForRemoteNotificationsWithError:] [Line 43] Failed To Register For Remote Notifications With Error: Error Domain=NSCocoaErrorDomain Code=3010 "remote notifications are not supported in the simulator" UserInfo=0xc882bd0 {NSLocalizedDescription=remote notifications are not supported in the simulator}
2013-09-21 11:40:17.703 Kush[9719:a0b] Finished load of: file:///Users/kyledavis/Library/Application%20Support/iPhone%20Simulator/7.0/Applications/04D8F80A-7FDC-4E1B-BBBB-39B838F70BE9/Kush.app/www/index.html
2013-09-21 11:41:02.311 Kush[9719:1203] [D] +[UAKeychainUtils getDeviceID] [Line 236] Retrieved device id info from keychain.
2013-09-21 11:41:02.311 Kush[9719:1203] [D] +[UAKeychainUtils getDeviceID] [Line 246] Loaded Device ID: 2D4C3EBF-3676-4DF0-A0B1-571CFDEE7242
2013-09-21 11:41:02.312 Kush[9719:1203] [D] +[UAKeychainUtils getDeviceID] [Line 247] Loaded Model Name: x86_64
2013-09-21 11:41:05.500 Kush[9719:a0b] [D] __39-[UAAnalytics sendOperationWithEvents:]_block_invoke [Line 622] Analytics data sent successfully. Status: 200
2013-09-21 11:41:32.700 Kush[10111:a0b] Multi-tasking -> Device: YES, App: YES
2013-09-21 11:41:32.737 Kush[10111:a0b] [I] +[UAirship executeUnsafeTakeOff:] [Line 149] App Key: naPzDmqoQJCQFojd3YiWcg
2013-09-21 11:41:32.739 Kush[10111:a0b] [I] +[UAirship executeUnsafeTakeOff:] [Line 150] App Secret: riEKMVgcRZmRf22o3KCatw
2013-09-21 11:41:32.740 Kush[10111:a0b] [I] +[UAirship executeUnsafeTakeOff:] [Line 151] Server: https://device-api.urbanairship.com
2013-09-21 11:41:32.741 Kush[10111:a0b] [D] -[UAirship configureUserAgent] [Line 288] Setting User-Agent for UA requests to Kush 1.0.0 (iPhone Simulator; iPhone OS 7.0; UALib 2.0.3; naPzDmqoQJCQFojd3YiWcg; en_US)
2013-09-21 11:41:32.747 Kush[10111:a0b] [D] void PrintReachabilityFlags(SCNetworkReachabilityFlags, const char *) [Line 79] Reachability Flag Status: -R -----l- networkStatusForFlags
2013-09-21 11:41:32.753 Kush[10111:a0b] [CDVTimer][pushnotificationplugin] 24.415970ms
2013-09-21 11:41:32.754 Kush[10111:a0b] [CDVTimer][TotalPluginStartup] 25.610030ms
2013-09-21 11:41:32.773 Kush[10111:a0b] active
2013-09-21 11:41:33.039 Kush[10111:a0b] Resetting plugins due to page load.
2013-09-21 11:41:33.041 Kush[10111:a0b] [E] -[UAAutoAppDelegate application:didFailToRegisterForRemoteNotificationsWithError:] [Line 43] Failed To Register For Remote Notifications With Error: Error Domain=NSCocoaErrorDomain Code=3010 "remote notifications are not supported in the simulator" UserInfo=0xc87b6f0 {NSLocalizedDescription=remote notifications are not supported in the simulator}
2013-09-21 11:41:33.109 Kush[10111:a0b] Finished load of: file:///Users/kyledavis/Library/Application%20Support/iPhone%20Simulator/7.0/Applications/04D8F80A-7FDC-4E1B-BBBB-39B838F70BE9/Kush.app/www/index.html
2013-09-21 11:42:05.947 Kush[10111:a0b] Resetting plugins due to page load.
2013-09-21 11:42:06.006 Kush[10111:a0b] Finished load of: file:///Users/kyledavis/Library/Application%20Support/iPhone%20Simulator/7.0/Applications/04D8F80A-7FDC-4E1B-BBBB-39B838F70BE9/Kush.app/www/index.html
2013-09-21 11:42:07.490 Kush[10111:a0b] Resetting plugins due to page load.
2013-09-21 11:42:07.539 Kush[10111:a0b] Finished load of: file:///Users/kyledavis/Library/Application%20Support/iPhone%20Simulator/7.0/Applications/04D8F80A-7FDC-4E1B-BBBB-39B838F70BE9/Kush.app/www/index.html
2013-09-21 11:42:19.754 Kush[10111:1003] [D] +[UAKeychainUtils getDeviceID] [Line 236] Retrieved device id info from keychain.
2013-09-21 11:42:19.754 Kush[10111:1003] [D] +[UAKeychainUtils getDeviceID] [Line 246] Loaded Device ID: 2D4C3EBF-3676-4DF0-A0B1-571CFDEE7242
2013-09-21 11:42:19.754 Kush[10111:1003] [D] +[UAKeychainUtils getDeviceID] [Line 247] Loaded Model Name: x86_64
2013-09-21 11:42:19.914 Kush[10111:a0b] [D] __39-[UAAnalytics sendOperationWithEvents:]_block_invoke [Line 622] Analytics data sent successfully. Status: 200
2013-09-21 11:42:24.794 Kush[10111:a0b] Resetting plugins due to page load.
2013-09-21 11:42:24.860 Kush[10111:a0b] Finished load of: file:///Users/kyledavis/Library/Application%20Support/iPhone%20Simulator/7.0/Applications/04D8F80A-7FDC-4E1B-BBBB-39B838F70BE9/Kush.app/www/index.html
2013-09-21 11:42:47.555 Kush[10501:a0b] Multi-tasking -> Device: YES, App: YES
2013-09-21 11:42:47.608 Kush[10501:a0b] [I] +[UAirship executeUnsafeTakeOff:] [Line 149] App Key: naPzDmqoQJCQFojd3YiWcg
2013-09-21 11:42:47.609 Kush[10501:a0b] [I] +[UAirship executeUnsafeTakeOff:] [Line 150] App Secret: riEKMVgcRZmRf22o3KCatw
2013-09-21 11:42:47.610 Kush[10501:a0b] [I] +[UAirship executeUnsafeTakeOff:] [Line 151] Server: https://device-api.urbanairship.com
2013-09-21 11:42:47.612 Kush[10501:a0b] [D] -[UAirship configureUserAgent] [Line 288] Setting User-Agent for UA requests to Kush 1.0.0 (iPhone Simulator; iPhone OS 7.0; UALib 2.0.3; naPzDmqoQJCQFojd3YiWcg; en_US)
2013-09-21 11:42:47.614 Kush[10501:a0b] [D] void PrintReachabilityFlags(SCNetworkReachabilityFlags, const char *) [Line 79] Reachability Flag Status: -R -----l- networkStatusForFlags
2013-09-21 11:42:47.624 Kush[10501:a0b] [CDVTimer][pushnotificationplugin] 24.769008ms
2013-09-21 11:42:47.626 Kush[10501:a0b] [CDVTimer][TotalPluginStartup] 27.164996ms
2013-09-21 11:42:47.650 Kush[10501:a0b] active
2013-09-21 11:42:47.915 Kush[10501:a0b] Resetting plugins due to page load.
2013-09-21 11:42:47.921 Kush[10501:a0b] [E] -[UAAutoAppDelegate application:didFailToRegisterForRemoteNotificationsWithError:] [Line 43] Failed To Register For Remote Notifications With Error: Error Domain=NSCocoaErrorDomain Code=3010 "remote notifications are not supported in the simulator" UserInfo=0xb37cee0 {NSLocalizedDescription=remote notifications are not supported in the simulator}
2013-09-21 11:42:50.674 Kush[10501:a0b] Finished load of: file:///Users/kyledavis/Library/Application%20Support/iPhone%20Simulator/7.0/Applications/04D8F80A-7FDC-4E1B-BBBB-39B838F70BE9/Kush.app/www/index.html
2013-09-21 11:43:08.603 Kush[10501:a0b] Resetting plugins due to page load.
2013-09-21 11:43:12.010 Kush[10501:a0b] Finished load of: file:///Users/kyledavis/Library/Application%20Support/iPhone%20Simulator/7.0/Applications/04D8F80A-7FDC-4E1B-BBBB-39B838F70BE9/Kush.app/www/index.html
2013-09-21 11:43:26.410 Kush[10501:a0b] Resetting plugins due to page load.
2013-09-21 11:43:28.009 Kush[10501:a0b] Finished load of: file:///Users/kyledavis/Library/Application%20Support/iPhone%20Simulator/7.0/Applications/04D8F80A-7FDC-4E1B-BBBB-39B838F70BE9/Kush.app/www/index.html
2013-09-21 11:43:34.623 Kush[10501:1203] [D] +[UAKeychainUtils getDeviceID] [Line 236] Retrieved device id info from keychain.
2013-09-21 11:43:34.623 Kush[10501:1203] [D] +[UAKeychainUtils getDeviceID] [Line 246] Loaded Device ID: 2D4C3EBF-3676-4DF0-A0B1-571CFDEE7242
2013-09-21 11:43:34.623 Kush[10501:1203] [D] +[UAKeychainUtils getDeviceID] [Line 247] Loaded Model Name: x86_64
2013-09-21 11:43:34.873 Kush[10501:a0b] [D] __39-[UAAnalytics sendOperationWithEvents:]_block_invoke [Line 622] Analytics data sent successfully. Status: 200
2013-09-21 11:48:39.685 Kush[10968:a0b] Multi-tasking -> Device: YES, App: YES
2013-09-21 11:48:39.777 Kush[10968:a0b] [I] +[UAirship executeUnsafeTakeOff:] [Line 149] App Key: naPzDmqoQJCQFojd3YiWcg
2013-09-21 11:48:39.789 Kush[10968:a0b] [I] +[UAirship executeUnsafeTakeOff:] [Line 150] App Secret: riEKMVgcRZmRf22o3KCatw
2013-09-21 11:48:39.796 Kush[10968:a0b] [I] +[UAirship executeUnsafeTakeOff:] [Line 151] Server: https://device-api.urbanairship.com
2013-09-21 11:48:39.798 Kush[10968:a0b] [D] -[UAirship configureUserAgent] [Line 288] Setting User-Agent for UA requests to Kush 1.0.0 (iPhone Simulator; iPhone OS 7.0; UALib 2.0.3; naPzDmqoQJCQFojd3YiWcg; en_US)
2013-09-21 11:48:39.805 Kush[10968:a0b] [D] void PrintReachabilityFlags(SCNetworkReachabilityFlags, const char *) [Line 79] Reachability Flag Status: -R -----l- networkStatusForFlags
2013-09-21 11:48:39.819 Kush[10968:a0b] [CDVTimer][pushnotificationplugin] 51.607013ms
2013-09-21 11:48:39.823 Kush[10968:a0b] [CDVTimer][TotalPluginStartup] 55.414021ms
2013-09-21 11:48:39.852 Kush[10968:a0b] active
2013-09-21 11:48:40.132 Kush[10968:a0b] Resetting plugins due to page load.
2013-09-21 11:48:40.134 Kush[10968:a0b] [E] -[UAAutoAppDelegate application:didFailToRegisterForRemoteNotificationsWithError:] [Line 43] Failed To Register For Remote Notifications With Error: Error Domain=NSCocoaErrorDomain Code=3010 "remote notifications are not supported in the simulator" UserInfo=0xc344760 {NSLocalizedDescription=remote notifications are not supported in the simulator}
2013-09-21 11:48:40.404 Kush[10968:a0b] Finished load of: file:///Users/kyledavis/Library/Application%20Support/iPhone%20Simulator/7.0/Applications/04D8F80A-7FDC-4E1B-BBBB-39B838F70BE9/Kush.app/www/index.html
2013-09-21 11:48:45.084 Kush[10968:a0b] Resetting plugins due to page load.
2013-09-21 11:48:45.132 Kush[10968:a0b] Finished load of: file:///Users/kyledavis/Library/Application%20Support/iPhone%20Simulator/7.0/Applications/04D8F80A-7FDC-4E1B-BBBB-39B838F70BE9/Kush.app/www/index.html
2013-09-21 11:48:54.816 Kush[10968:1003] [D] +[UAKeychainUtils getDeviceID] [Line 236] Retrieved device id info from keychain.
2013-09-21 11:48:54.816 Kush[10968:1003] [D] +[UAKeychainUtils getDeviceID] [Line 246] Loaded Device ID: 2D4C3EBF-3676-4DF0-A0B1-571CFDEE7242
2013-09-21 11:48:54.816 Kush[10968:1003] [D] +[UAKeychainUtils getDeviceID] [Line 247] Loaded Model Name: x86_64
2013-09-21 11:48:55.018 Kush[10968:a0b] [D] __39-[UAAnalytics sendOperationWithEvents:]_block_invoke [Line 622] Analytics data sent successfully. Status: 200
2013-09-21 11:53:31.924 Kush[11398:a0b] Multi-tasking -> Device: YES, App: YES
2013-09-21 11:53:31.969 Kush[11398:a0b] [I] +[UAirship executeUnsafeTakeOff:] [Line 149] App Key: naPzDmqoQJCQFojd3YiWcg
2013-09-21 11:53:31.970 Kush[11398:a0b] [I] +[UAirship executeUnsafeTakeOff:] [Line 150] App Secret: riEKMVgcRZmRf22o3KCatw
2013-09-21 11:53:31.972 Kush[11398:a0b] [I] +[UAirship executeUnsafeTakeOff:] [Line 151] Server: https://device-api.urbanairship.com
2013-09-21 11:53:31.980 Kush[11398:a0b] [D] -[UAirship configureUserAgent] [Line 288] Setting User-Agent for UA requests to Kush 1.0.0 (iPhone Simulator; iPhone OS 7.0; UALib 2.0.3; naPzDmqoQJCQFojd3YiWcg; en_US)
2013-09-21 11:53:32.041 Kush[11398:a0b] [D] void PrintReachabilityFlags(SCNetworkReachabilityFlags, const char *) [Line 79] Reachability Flag Status: -R -----l- networkStatusForFlags
2013-09-21 11:53:32.063 Kush[11398:a0b] [CDVTimer][pushnotificationplugin] 102.642000ms
2013-09-21 11:53:32.064 Kush[11398:a0b] [CDVTimer][TotalPluginStartup] 103.609979ms
2013-09-21 11:53:32.086 Kush[11398:a0b] active
2013-09-21 11:53:32.336 Kush[11398:a0b] Resetting plugins due to page load.
2013-09-21 11:53:32.341 Kush[11398:a0b] [E] -[UAAutoAppDelegate application:didFailToRegisterForRemoteNotificationsWithError:] [Line 43] Failed To Register For Remote Notifications With Error: Error Domain=NSCocoaErrorDomain Code=3010 "remote notifications are not supported in the simulator" UserInfo=0xc490660 {NSLocalizedDescription=remote notifications are not supported in the simulator}
2013-09-21 11:53:32.424 Kush[11398:a0b] Finished load of: file:///Users/kyledavis/Library/Application%20Support/iPhone%20Simulator/7.0/Applications/04D8F80A-7FDC-4E1B-BBBB-39B838F70BE9/Kush.app/www/index.html
2013-09-21 11:53:47.053 Kush[11398:1203] [D] +[UAKeychainUtils getDeviceID] [Line 236] Retrieved device id info from keychain.
2013-09-21 11:53:47.054 Kush[11398:1203] [D] +[UAKeychainUtils getDeviceID] [Line 246] Loaded Device ID: 2D4C3EBF-3676-4DF0-A0B1-571CFDEE7242
2013-09-21 11:53:47.054 Kush[11398:1203] [D] +[UAKeychainUtils getDeviceID] [Line 247] Loaded Model Name: x86_64
2013-09-21 11:53:47.226 Kush[11398:a0b] [D] __39-[UAAnalytics sendOperationWithEvents:]_block_invoke [Line 622] Analytics data sent successfully. Status: 200
2013-09-21 14:18:59.082 Kush[19973:a0b] Multi-tasking -> Device: YES, App: YES
2013-09-21 14:18:59.154 Kush[19973:a0b] [I] +[UAirship executeUnsafeTakeOff:] [Line 149] App Key: naPzDmqoQJCQFojd3YiWcg
2013-09-21 14:18:59.157 Kush[19973:a0b] [I] +[UAirship executeUnsafeTakeOff:] [Line 150] App Secret: riEKMVgcRZmRf22o3KCatw
2013-09-21 14:18:59.177 Kush[19973:a0b] [I] +[UAirship executeUnsafeTakeOff:] [Line 151] Server: https://device-api.urbanairship.com
2013-09-21 14:18:59.203 Kush[19973:a0b] [D] -[UAirship configureUserAgent] [Line 288] Setting User-Agent for UA requests to Kush 1.0.0 (iPhone Simulator; iPhone OS 7.0; UALib 2.0.3; naPzDmqoQJCQFojd3YiWcg; en_US)
2013-09-21 14:18:59.251 Kush[19973:a0b] [D] void PrintReachabilityFlags(SCNetworkReachabilityFlags, const char *) [Line 79] Reachability Flag Status: -R -----l- networkStatusForFlags
2013-09-21 14:18:59.289 Kush[19973:a0b] [CDVTimer][pushnotificationplugin] 149.145961ms
2013-09-21 14:18:59.290 Kush[19973:a0b] [CDVTimer][TotalPluginStartup] 150.375009ms
2013-09-21 14:18:59.324 Kush[19973:a0b] active
2013-09-21 14:18:59.657 Kush[19973:a0b] Resetting plugins due to page load.
2013-09-21 14:18:59.661 Kush[19973:a0b] [E] -[UAAutoAppDelegate application:didFailToRegisterForRemoteNotificationsWithError:] [Line 43] Failed To Register For Remote Notifications With Error: Error Domain=NSCocoaErrorDomain Code=3010 "remote notifications are not supported in the simulator" UserInfo=0xb399720 {NSLocalizedDescription=remote notifications are not supported in the simulator}
2013-09-21 14:18:59.788 Kush[19973:a0b] Finished load of: file:///Users/kyledavis/Library/Application%20Support/iPhone%20Simulator/7.0/Applications/04D8F80A-7FDC-4E1B-BBBB-39B838F70BE9/Kush.app/www/index.html
2013-09-21 14:19:14.277 Kush[19973:1003] [D] +[UAKeychainUtils getDeviceID] [Line 236] Retrieved device id info from keychain.
2013-09-21 14:19:14.277 Kush[19973:1003] [D] +[UAKeychainUtils getDeviceID] [Line 246] Loaded Device ID: 2D4C3EBF-3676-4DF0-A0B1-571CFDEE7242
2013-09-21 14:19:14.278 Kush[19973:1003] [D] +[UAKeychainUtils getDeviceID] [Line 247] Loaded Model Name: x86_64
2013-09-21 14:19:14.472 Kush[19973:a0b] [D] __39-[UAAnalytics sendOperationWithEvents:]_block_invoke [Line 622] Analytics data sent successfully. Status: 200
Terminating in response to SpringBoard's termination.
2013-09-21 16:56:17.381 Kush[1384:a0b] Multi-tasking -> Device: YES, App: YES
2013-09-21 16:56:17.398 Kush[1384:a0b] Fix applied for database locations?: YES
2013-09-21 16:56:17.461 Kush[1384:a0b] [I] +[UAirship executeUnsafeTakeOff:] [Line 149] App Key: naPzDmqoQJCQFojd3YiWcg
2013-09-21 16:56:17.473 Kush[1384:a0b] [I] +[UAirship executeUnsafeTakeOff:] [Line 150] App Secret: riEKMVgcRZmRf22o3KCatw
2013-09-21 16:56:17.475 Kush[1384:a0b] [I] +[UAirship executeUnsafeTakeOff:] [Line 151] Server: https://device-api.urbanairship.com
2013-09-21 16:56:17.476 Kush[1384:a0b] [D] -[UAirship configureUserAgent] [Line 288] Setting User-Agent for UA requests to Kush 1.0.0 (iPhone Simulator; iPhone OS 7.0; UALib 2.0.3; naPzDmqoQJCQFojd3YiWcg; en_US)
2013-09-21 16:56:17.482 Kush[1384:a0b] [D] void PrintReachabilityFlags(SCNetworkReachabilityFlags, const char *) [Line 79] Reachability Flag Status: -R -----l- networkStatusForFlags
2013-09-21 16:56:17.499 Kush[1384:a0b] [D] +[UAKeychainUtils getDeviceID] [Line 260] Device model changed. Regenerating the device ID.
2013-09-21 16:56:17.515 Kush[1384:a0b] [D] +[UAKeychainUtils getDeviceID] [Line 263] New device ID: 0CE10563-6EB6-4CAE-92B7-1B6B897B9156
2013-09-21 16:56:17.516 Kush[1384:a0b] [D] -[UAUserAPIClient requestToCreateUserWithDeviceToken:] [Line 60] Request to create user with body: {"ua_device_id":"0CE10563-6EB6-4CAE-92B7-1B6B897B9156"}
2013-09-21 16:56:17.518 Kush[1384:a0b] [CDVTimer][pushnotificationplugin] 82.225978ms
2013-09-21 16:56:17.520 Kush[1384:a0b] [CDVTimer][TotalPluginStartup] 84.059000ms
2013-09-21 16:56:17.717 Kush[1384:a0b] Resetting plugins due to page load.
2013-09-21 16:56:17.760 Kush[1384:a0b] [E] -[UAAutoAppDelegate application:didFailToRegisterForRemoteNotificationsWithError:] [Line 43] Failed To Register For Remote Notifications With Error: Error Domain=NSCocoaErrorDomain Code=3010 "remote notifications are not supported in the simulator" UserInfo=0xc47dc50 {NSLocalizedDescription=remote notifications are not supported in the simulator}
2013-09-21 16:56:18.049 Kush[1384:a0b] [D] -[UAUser updateDefaultDeviceToken] [Line 250] Skipping device token update: no token, already up to date, or user is being updated.
2013-09-21 16:56:18.682 Kush[1384:a0b] Finished load of: file:///Users/kyledavis/Library/Application%20Support/iPhone%20Simulator/7.0/Applications/9B74A445-FA01-4A45-B47A-037926A427F1/Kush.app/www/index.html
2013-09-21 16:56:27.194 Kush[1384:a0b] Resetting plugins due to page load.
2013-09-21 16:56:27.359 Kush[1384:a0b] Finished load of: file:///Users/kyledavis/Library/Application%20Support/iPhone%20Simulator/7.0/Applications/9B74A445-FA01-4A45-B47A-037926A427F1/Kush.app/www/index.html
2013-09-21 16:56:32.765 Kush[1384:a0b] [D] __39-[UAAnalytics sendOperationWithEvents:]_block_invoke [Line 622] Analytics data sent successfully. Status: 200
2013-09-21 16:57:34.506 Kush[1384:a0b] Resetting plugins due to page load.
2013-09-21 16:57:35.464 Kush[1384:a0b] Finished load of: file:///Users/kyledavis/Library/Application%20Support/iPhone%20Simulator/7.0/Applications/9B74A445-FA01-4A45-B47A-037926A427F1/Kush.app/www/index.html
2013-09-21 16:57:35.521 Kush[1384:a0b] Resetting plugins due to page load.
2013-09-21 16:57:35.659 Kush[1384:a0b] Finished load of: file:///Users/kyledavis/Library/Application%20Support/iPhone%20Simulator/7.0/Applications/9B74A445-FA01-4A45-B47A-037926A427F1/Kush.app/www/index.html
2013-09-21 16:57:36.082 Kush[1384:a0b] Resetting plugins due to page load.
2013-09-21 16:57:36.241 Kush[1384:a0b] Finished load of: file:///Users/kyledavis/Library/Application%20Support/iPhone%20Simulator/7.0/Applications/9B74A445-FA01-4A45-B47A-037926A427F1/Kush.app/www/index.html
2013-09-21 16:57:36.543 Kush[1384:a0b] Resetting plugins due to page load.
2013-09-21 16:57:36.679 Kush[1384:a0b] Finished load of: file:///Users/kyledavis/Library/Application%20Support/iPhone%20Simulator/7.0/Applications/9B74A445-FA01-4A45-B47A-037926A427F1/Kush.app/www/index.html
2013-09-21 16:57:38.759 Kush[1384:a0b] Resetting plugins due to page load.
2013-09-21 16:57:38.902 Kush[1384:a0b] Finished load of: file:///Users/kyledavis/Library/Application%20Support/iPhone%20Simulator/7.0/Applications/9B74A445-FA01-4A45-B47A-037926A427F1/Kush.app/www/index.html
2013-09-21 16:57:39.558 Kush[1384:a0b] Resetting plugins due to page load.
2013-09-21 16:57:39.712 Kush[1384:a0b] Finished load of: file:///Users/kyledavis/Library/Application%20Support/iPhone%20Simulator/7.0/Applications/9B74A445-FA01-4A45-B47A-037926A427F1/Kush.app/www/index.html
2013-09-21 16:57:40.099 Kush[1384:a0b] Resetting plugins due to page load.
2013-09-21 16:57:40.254 Kush[1384:a0b] Finished load of: file:///Users/kyledavis/Library/Application%20Support/iPhone%20Simulator/7.0/Applications/9B74A445-FA01-4A45-B47A-037926A427F1/Kush.app/www/index.html
2013-09-21 16:57:40.537 Kush[1384:a0b] Resetting plugins due to page load.
2013-09-21 16:57:40.677 Kush[1384:a0b] Finished load of: file:///Users/kyledavis/Library/Application%20Support/iPhone%20Simulator/7.0/Applications/9B74A445-FA01-4A45-B47A-037926A427F1/Kush.app/www/index.html
2013-09-21 16:58:00.838 Kush[1785:a0b] Multi-tasking -> Device: YES, App: YES
2013-09-21 16:58:00.900 Kush[1785:a0b] [I] +[UAirship executeUnsafeTakeOff:] [Line 149] App Key: naPzDmqoQJCQFojd3YiWcg
2013-09-21 16:58:00.911 Kush[1785:a0b] [I] +[UAirship executeUnsafeTakeOff:] [Line 150] App Secret: riEKMVgcRZmRf22o3KCatw
2013-09-21 16:58:00.913 Kush[1785:a0b] [I] +[UAirship executeUnsafeTakeOff:] [Line 151] Server: https://device-api.urbanairship.com
2013-09-21 16:58:00.915 Kush[1785:a0b] [D] -[UAirship configureUserAgent] [Line 288] Setting User-Agent for UA requests to Kush 1.0.0 (iPhone Simulator; iPhone OS 7.0; UALib 2.0.3; naPzDmqoQJCQFojd3YiWcg; en_US)
2013-09-21 16:58:00.928 Kush[1785:a0b] [D] void PrintReachabilityFlags(SCNetworkReachabilityFlags, const char *) [Line 79] Reachability Flag Status: -R -----l- networkStatusForFlags
2013-09-21 16:58:00.944 Kush[1785:a0b] [CDVTimer][pushnotificationplugin] 51.356018ms
2013-09-21 16:58:00.944 Kush[1785:a0b] [CDVTimer][TotalPluginStartup] 52.311003ms
2013-09-21 16:58:01.260 Kush[1785:a0b] Resetting plugins due to page load.
2013-09-21 16:58:01.263 Kush[1785:a0b] [E] -[UAAutoAppDelegate application:didFailToRegisterForRemoteNotificationsWithError:] [Line 43] Failed To Register For Remote Notifications With Error: Error Domain=NSCocoaErrorDomain Code=3010 "remote notifications are not supported in the simulator" UserInfo=0xc2988a0 {NSLocalizedDescription=remote notifications are not supported in the simulator}
2013-09-21 16:58:02.277 Kush[1785:a0b] Finished load of: file:///Users/kyledavis/Library/Application%20Support/iPhone%20Simulator/7.0/Applications/9B74A445-FA01-4A45-B47A-037926A427F1/Kush.app/www/index.html#login
2013-09-21 16:58:15.941 Kush[1785:1003] [D] +[UAKeychainUtils getDeviceID] [Line 236] Retrieved device id info from keychain.
2013-09-21 16:58:15.941 Kush[1785:1003] [D] +[UAKeychainUtils getDeviceID] [Line 246] Loaded Device ID: 0CE10563-6EB6-4CAE-92B7-1B6B897B9156
2013-09-21 16:58:15.941 Kush[1785:1003] [D] +[UAKeychainUtils getDeviceID] [Line 247] Loaded Model Name: x86_64
2013-09-21 16:58:16.116 Kush[1785:a0b] [D] __39-[UAAnalytics sendOperationWithEvents:]_block_invoke [Line 622] Analytics data sent successfully. Status: 200
2013-09-21 17:01:31.136 Kush[1785:a0b] Resetting plugins due to page load.
2013-09-21 17:01:33.253 Kush[1785:a0b] Failed to load webpage with error: The operation couldn’t be completed. (NSURLErrorDomain error -999.)
2013-09-21 17:01:33.254 Kush[1785:a0b] Resetting plugins due to page load.
2013-09-21 17:01:33.745 Kush[1785:a0b] Failed to load webpage with error: The operation couldn’t be completed. (NSURLErrorDomain error -999.)
2013-09-21 17:01:33.745 Kush[1785:a0b] Resetting plugins due to page load.
2013-09-21 17:01:33.937 Kush[1785:a0b] Failed to load webpage with error: The operation couldn’t be completed. (NSURLErrorDomain error -999.)
2013-09-21 17:01:33.937 Kush[1785:a0b] Resetting plugins due to page load.
2013-09-21 17:01:34.105 Kush[1785:a0b] Failed to load webpage with error: The operation couldn’t be completed. (NSURLErrorDomain error -999.)
2013-09-21 17:01:34.106 Kush[1785:a0b] Resetting plugins due to page load.
2013-09-21 17:01:34.605 Kush[1785:a0b] Finished load of: file:///Users/kyledavis/Library/Application%20Support/iPhone%20Simulator/7.0/Applications/9B74A445-FA01-4A45-B47A-037926A427F1/Kush.app/www/index.html#login
2013-09-21 17:02:02.961 Kush[1785:a0b] Resetting plugins due to page load.
2013-09-21 17:02:03.313 Kush[1785:a0b] Finished load of: file:///Users/kyledavis/Library/Application%20Support/iPhone%20Simulator/7.0/Applications/9B74A445-FA01-4A45-B47A-037926A427F1/Kush.app/www/index.html#login
2013-09-21 17:02:07.415 Kush[1785:a0b] Resetting plugins due to page load.
2013-09-21 17:02:07.733 Kush[1785:a0b] Finished load of: file:///Users/kyledavis/Library/Application%20Support/iPhone%20Simulator/7.0/Applications/9B74A445-FA01-4A45-B47A-037926A427F1/Kush.app/www/index.html#login
2013-09-21 17:03:45.702 Kush[2228:a0b] Multi-tasking -> Device: YES, App: YES
2013-09-21 17:03:45.742 Kush[2228:a0b] [I] +[UAirship executeUnsafeTakeOff:] [Line 149] App Key: naPzDmqoQJCQFojd3YiWcg
2013-09-21 17:03:45.743 Kush[2228:a0b] [I] +[UAirship executeUnsafeTakeOff:] [Line 150] App Secret: riEKMVgcRZmRf22o3KCatw
2013-09-21 17:03:45.744 Kush[2228:a0b] [I] +[UAirship executeUnsafeTakeOff:] [Line 151] Server: https://device-api.urbanairship.com
2013-09-21 17:03:45.746 Kush[2228:a0b] [D] -[UAirship configureUserAgent] [Line 288] Setting User-Agent for UA requests to Kush 1.0.0 (iPhone Simulator; iPhone OS 7.0; UALib 2.0.3; naPzDmqoQJCQFojd3YiWcg; en_US)
2013-09-21 17:03:45.750 Kush[2228:a0b] [D] void PrintReachabilityFlags(SCNetworkReachabilityFlags, const char *) [Line 79] Reachability Flag Status: -R -----l- networkStatusForFlags
2013-09-21 17:03:45.762 Kush[2228:a0b] [CDVTimer][pushnotificationplugin] 28.465986ms
2013-09-21 17:03:45.763 Kush[2228:a0b] [CDVTimer][TotalPluginStartup] 29.780030ms
2013-09-21 17:03:46.000 Kush[2228:a0b] Resetting plugins due to page load.
2013-09-21 17:03:46.006 Kush[2228:a0b] [E] -[UAAutoAppDelegate application:didFailToRegisterForRemoteNotificationsWithError:] [Line 43] Failed To Register For Remote Notifications With Error: Error Domain=NSCocoaErrorDomain Code=3010 "remote notifications are not supported in the simulator" UserInfo=0xc29c2f0 {NSLocalizedDescription=remote notifications are not supported in the simulator}
2013-09-21 17:03:46.750 Kush[2228:a0b] Finished load of: file:///Users/kyledavis/Library/Application%20Support/iPhone%20Simulator/7.0/Applications/9B74A445-FA01-4A45-B47A-037926A427F1/Kush.app/www/index.html
2013-09-21 17:04:00.757 Kush[2228:1003] [D] +[UAKeychainUtils getDeviceID] [Line 236] Retrieved device id info from keychain.
2013-09-21 17:04:00.758 Kush[2228:1003] [D] +[UAKeychainUtils getDeviceID] [Line 246] Loaded Device ID: 0CE10563-6EB6-4CAE-92B7-1B6B897B9156
2013-09-21 17:04:00.758 Kush[2228:1003] [D] +[UAKeychainUtils getDeviceID] [Line 247] Loaded Model Name: x86_64
2013-09-21 17:04:00.913 Kush[2228:a0b] [D] __39-[UAAnalytics sendOperationWithEvents:]_block_invoke [Line 622] Analytics data sent successfully. Status: 200
2013-09-21 17:04:08.571 Kush[2228:a0b] Resetting plugins due to page load.
2013-09-21 17:04:09.006 Kush[2228:a0b] Finished load of: file:///Users/kyledavis/Library/Application%20Support/iPhone%20Simulator/7.0/Applications/9B74A445-FA01-4A45-B47A-037926A427F1/Kush.app/www/index.html#login
2013-09-21 17:05:55.955 Kush[2228:a0b] Resetting plugins due to page load.
2013-09-21 17:05:56.727 Kush[2228:a0b] Finished load of: file:///Users/kyledavis/Library/Application%20Support/iPhone%20Simulator/7.0/Applications/9B74A445-FA01-4A45-B47A-037926A427F1/Kush.app/www/index.html#login
2013-09-21 17:07:28.476 Kush[2228:a0b] Resetting plugins due to page load.
2013-09-21 17:07:29.024 Kush[2228:a0b] Finished load of: file:///Users/kyledavis/Library/Application%20Support/iPhone%20Simulator/7.0/Applications/9B74A445-FA01-4A45-B47A-037926A427F1/Kush.app/www/index.html#login
2013-09-21 17:25:43.306 Kush[3900:a0b] Multi-tasking -> Device: YES, App: YES
2013-09-21 17:25:43.350 Kush[3900:a0b] [I] +[UAirship executeUnsafeTakeOff:] [Line 149] App Key: naPzDmqoQJCQFojd3YiWcg
2013-09-21 17:25:43.353 Kush[3900:a0b] [I] +[UAirship executeUnsafeTakeOff:] [Line 150] App Secret: riEKMVgcRZmRf22o3KCatw
2013-09-21 17:25:43.354 Kush[3900:a0b] [I] +[UAirship executeUnsafeTakeOff:] [Line 151] Server: https://device-api.urbanairship.com
2013-09-21 17:25:43.357 Kush[3900:a0b] [D] -[UAirship configureUserAgent] [Line 288] Setting User-Agent for UA requests to Kush 1.0.0 (iPhone Simulator; iPhone OS 7.0; UALib 2.0.3; naPzDmqoQJCQFojd3YiWcg; en_US)
2013-09-21 17:25:43.363 Kush[3900:a0b] [D] void PrintReachabilityFlags(SCNetworkReachabilityFlags, const char *) [Line 79] Reachability Flag Status: -R -----l- networkStatusForFlags
2013-09-21 17:25:43.372 Kush[3900:a0b] [D] +[UAKeychainUtils getDeviceID] [Line 260] Device model changed. Regenerating the device ID.
2013-09-21 17:25:43.383 Kush[3900:a0b] [D] +[UAKeychainUtils getDeviceID] [Line 263] New device ID: 939E82DF-8233-4353-B986-EAA7F05470D3
2013-09-21 17:25:43.385 Kush[3900:a0b] [D] -[UAUserAPIClient requestToCreateUserWithDeviceToken:] [Line 60] Request to create user with body: {"ua_device_id":"939E82DF-8233-4353-B986-EAA7F05470D3"}
2013-09-21 17:25:43.388 Kush[3900:a0b] [CDVTimer][pushnotificationplugin] 46.651006ms
2013-09-21 17:25:43.393 Kush[3900:a0b] [CDVTimer][TotalPluginStartup] 51.468015ms
2013-09-21 17:25:43.657 Kush[3900:a0b] Resetting plugins due to page load.
2013-09-21 17:25:43.661 Kush[3900:a0b] [E] -[UAAutoAppDelegate application:didFailToRegisterForRemoteNotificationsWithError:] [Line 43] Failed To Register For Remote Notifications With Error: Error Domain=NSCocoaErrorDomain Code=3010 "remote notifications are not supported in the simulator" UserInfo=0xc07f3b0 {NSLocalizedDescription=remote notifications are not supported in the simulator}
2013-09-21 17:25:43.894 Kush[3900:a0b] [D] -[UAUser updateDefaultDeviceToken] [Line 250] Skipping device token update: no token, already up to date, or user is being updated.
2013-09-21 17:25:44.513 Kush[3900:a0b] Finished load of: file:///Users/kyledavis/Library/Application%20Support/iPhone%20Simulator/7.0-64/Applications/7D734531-CA86-4BC7-B313-B60540EF54E9/Kush.app/www/index.html#login
2013-09-21 17:25:58.655 Kush[3900:a0b] [D] __39-[UAAnalytics sendOperationWithEvents:]_block_invoke [Line 622] Analytics data sent successfully. Status: 200
2013-09-21 17:26:50.572 Kush[4285:a0b] Multi-tasking -> Device: YES, App: YES
2013-09-21 17:26:50.620 Kush[4285:a0b] [I] +[UAirship executeUnsafeTakeOff:] [Line 149] App Key: naPzDmqoQJCQFojd3YiWcg
2013-09-21 17:26:50.621 Kush[4285:a0b] [I] +[UAirship executeUnsafeTakeOff:] [Line 150] App Secret: riEKMVgcRZmRf22o3KCatw
2013-09-21 17:26:50.623 Kush[4285:a0b] [I] +[UAirship executeUnsafeTakeOff:] [Line 151] Server: https://device-api.urbanairship.com
2013-09-21 17:26:50.628 Kush[4285:a0b] [D] -[UAirship configureUserAgent] [Line 288] Setting User-Agent for UA requests to Kush 1.0.0 (iPhone Simulator; iPhone OS 7.0; UALib 2.0.3; naPzDmqoQJCQFojd3YiWcg; en_US)
2013-09-21 17:26:50.635 Kush[4285:a0b] [D] void PrintReachabilityFlags(SCNetworkReachabilityFlags, const char *) [Line 79] Reachability Flag Status: -R -----l- networkStatusForFlags
2013-09-21 17:26:50.643 Kush[4285:a0b] [CDVTimer][pushnotificationplugin] 30.391991ms
2013-09-21 17:26:50.644 Kush[4285:a0b] [CDVTimer][TotalPluginStartup] 31.154037ms
2013-09-21 17:26:50.877 Kush[4285:a0b] Resetting plugins due to page load.
2013-09-21 17:26:50.880 Kush[4285:a0b] [E] -[UAAutoAppDelegate application:didFailToRegisterForRemoteNotificationsWithError:] [Line 43] Failed To Register For Remote Notifications With Error: Error Domain=NSCocoaErrorDomain Code=3010 "remote notifications are not supported in the simulator" UserInfo=0xb37e6e0 {NSLocalizedDescription=remote notifications are not supported in the simulator}
2013-09-21 17:26:51.463 Kush[4285:a0b] Finished load of: file:///Users/kyledavis/Library/Application%20Support/iPhone%20Simulator/7.0-64/Applications/7D734531-CA86-4BC7-B313-B60540EF54E9/Kush.app/www/index.html#login
2013-09-21 17:27:12.643 Kush[4285:1203] [D] +[UAKeychainUtils getDeviceID] [Line 236] Retrieved device id info from keychain.
2013-09-21 17:27:12.643 Kush[4285:1203] [D] +[UAKeychainUtils getDeviceID] [Line 246] Loaded Device ID: 939E82DF-8233-4353-B986-EAA7F05470D3
2013-09-21 17:27:12.643 Kush[4285:1203] [D] +[UAKeychainUtils getDeviceID] [Line 247] Loaded Model Name: x86_64
2013-09-21 17:27:13.048 Kush[4285:a0b] [D] __39-[UAAnalytics sendOperationWithEvents:]_block_invoke [Line 622] Analytics data sent successfully. Status: 200
2013-09-21 17:35:58.952 Kush[4743:a0b] Multi-tasking -> Device: YES, App: YES
2013-09-21 17:35:58.984 Kush[4743:a0b] [I] +[UAirship executeUnsafeTakeOff:] [Line 149] App Key: naPzDmqoQJCQFojd3YiWcg
2013-09-21 17:35:58.984 Kush[4743:a0b] [I] +[UAirship executeUnsafeTakeOff:] [Line 150] App Secret: riEKMVgcRZmRf22o3KCatw
2013-09-21 17:35:58.985 Kush[4743:a0b] [I] +[UAirship executeUnsafeTakeOff:] [Line 151] Server: https://device-api.urbanairship.com
2013-09-21 17:35:58.985 Kush[4743:a0b] [D] -[UAirship configureUserAgent] [Line 288] Setting User-Agent for UA requests to Kush 1.0.0 (iPhone Simulator; iPhone OS 7.0; UALib 2.0.3; naPzDmqoQJCQFojd3YiWcg; en_US)
2013-09-21 17:35:58.988 Kush[4743:a0b] [D] void PrintReachabilityFlags(SCNetworkReachabilityFlags, const char *) [Line 79] Reachability Flag Status: -R -----l- networkStatusForFlags
2013-09-21 17:35:58.993 Kush[4743:a0b] [CDVTimer][pushnotificationplugin] 14.688015ms
2013-09-21 17:35:58.994 Kush[4743:a0b] [CDVTimer][TotalPluginStartup] 15.206993ms
2013-09-21 17:35:59.164 Kush[4743:a0b] Resetting plugins due to page load.
2013-09-21 17:35:59.166 Kush[4743:a0b] [E] -[UAAutoAppDelegate application:didFailToRegisterForRemoteNotificationsWithError:] [Line 43] Failed To Register For Remote Notifications With Error: Error Domain=NSCocoaErrorDomain Code=3010 "remote notifications are not supported in the simulator" UserInfo=0xc23e220 {NSLocalizedDescription=remote notifications are not supported in the simulator}
2013-09-21 17:35:59.751 Kush[4743:a0b] Finished load of: file:///Users/kyledavis/Library/Application%20Support/iPhone%20Simulator/7.0-64/Applications/7D734531-CA86-4BC7-B313-B60540EF54E9/Kush.app/www/index.html#login
2013-09-21 17:36:13.993 Kush[4743:3207] [D] +[UAKeychainUtils getDeviceID] [Line 236] Retrieved device id info from keychain.
2013-09-21 17:36:13.993 Kush[4743:3207] [D] +[UAKeychainUtils getDeviceID] [Line 246] Loaded Device ID: 939E82DF-8233-4353-B986-EAA7F05470D3
2013-09-21 17:36:13.994 Kush[4743:3207] [D] +[UAKeychainUtils getDeviceID] [Line 247] Loaded Model Name: x86_64
2013-09-21 17:36:14.426 Kush[4743:a0b] [D] __39-[UAAnalytics sendOperationWithEvents:]_block_invoke [Line 622] Analytics data sent successfully. Status: 200
2013-09-21 17:37:52.255 Kush[5136:a0b] Multi-tasking -> Device: YES, App: YES
2013-09-21 17:37:52.301 Kush[5136:a0b] [I] +[UAirship executeUnsafeTakeOff:] [Line 149] App Key: naPzDmqoQJCQFojd3YiWcg
2013-09-21 17:37:52.301 Kush[5136:a0b] [I] +[UAirship executeUnsafeTakeOff:] [Line 150] App Secret: riEKMVgcRZmRf22o3KCatw
2013-09-21 17:37:52.302 Kush[5136:a0b] [I] +[UAirship executeUnsafeTakeOff:] [Line 151] Server: https://device-api.urbanairship.com
2013-09-21 17:37:52.304 Kush[5136:a0b] [D] -[UAirship configureUserAgent] [Line 288] Setting User-Agent for UA requests to Kush 1.0.0 (iPhone Simulator; iPhone OS 7.0; UALib 2.0.3; naPzDmqoQJCQFojd3YiWcg; en_US)
2013-09-21 17:37:52.307 Kush[5136:a0b] [D] void PrintReachabilityFlags(SCNetworkReachabilityFlags, const char *) [Line 79] Reachability Flag Status: -R -----l- networkStatusForFlags
2013-09-21 17:37:52.314 Kush[5136:a0b] [CDVTimer][pushnotificationplugin] 21.035016ms
2013-09-21 17:37:52.315 Kush[5136:a0b] [CDVTimer][TotalPluginStartup] 21.692038ms
2013-09-21 17:37:52.493 Kush[5136:a0b] Resetting plugins due to page load.
2013-09-21 17:37:52.494 Kush[5136:a0b] [E] -[UAAutoAppDelegate application:didFailToRegisterForRemoteNotificationsWithError:] [Line 43] Failed To Register For Remote Notifications With Error: Error Domain=NSCocoaErrorDomain Code=3010 "remote notifications are not supported in the simulator" UserInfo=0xb34b080 {NSLocalizedDescription=remote notifications are not supported in the simulator}
2013-09-21 17:37:52.633 Kush[5136:a0b] Finished load of: file:///Users/kyledavis/Library/Application%20Support/iPhone%20Simulator/7.0-64/Applications/7D734531-CA86-4BC7-B313-B60540EF54E9/Kush.app/www/index.html
2013-09-21 17:37:59.410 Kush[5136:a0b] Resetting plugins due to page load.
2013-09-21 17:37:59.476 Kush[5136:a0b] Finished load of: file:///Users/kyledavis/Library/Application%20Support/iPhone%20Simulator/7.0-64/Applications/7D734531-CA86-4BC7-B313-B60540EF54E9/Kush.app/www/index.html
2013-09-21 17:38:01.429 Kush[5136:a0b] Resetting plugins due to page load.
2013-09-21 17:38:01.496 Kush[5136:a0b] Finished load of: file:///Users/kyledavis/Library/Application%20Support/iPhone%20Simulator/7.0-64/Applications/7D734531-CA86-4BC7-B313-B60540EF54E9/Kush.app/www/index.html
2013-09-21 17:38:07.313 Kush[5136:1203] [D] +[UAKeychainUtils getDeviceID] [Line 236] Retrieved device id info from keychain.
2013-09-21 17:38:07.313 Kush[5136:1203] [D] +[UAKeychainUtils getDeviceID] [Line 246] Loaded Device ID: 939E82DF-8233-4353-B986-EAA7F05470D3
2013-09-21 17:38:07.313 Kush[5136:1203] [D] +[UAKeychainUtils getDeviceID] [Line 247] Loaded Model Name: x86_64
2013-09-21 17:38:07.765 Kush[5136:a0b] [D] __39-[UAAnalytics sendOperationWithEvents:]_block_invoke [Line 622] Analytics data sent successfully. Status: 200
2013-09-21 17:40:32.849 Kush[5534:a0b] Multi-tasking -> Device: YES, App: YES
2013-09-21 17:40:32.891 Kush[5534:a0b] [I] +[UAirship executeUnsafeTakeOff:] [Line 149] App Key: naPzDmqoQJCQFojd3YiWcg
2013-09-21 17:40:32.892 Kush[5534:a0b] [I] +[UAirship executeUnsafeTakeOff:] [Line 150] App Secret: riEKMVgcRZmRf22o3KCatw
2013-09-21 17:40:32.894 Kush[5534:a0b] [I] +[UAirship executeUnsafeTakeOff:] [Line 151] Server: https://device-api.urbanairship.com
2013-09-21 17:40:32.898 Kush[5534:a0b] [D] -[UAirship configureUserAgent] [Line 288] Setting User-Agent for UA requests to Kush 1.0.0 (iPhone Simulator; iPhone OS 7.0; UALib 2.0.3; naPzDmqoQJCQFojd3YiWcg; en_US)
2013-09-21 17:40:32.902 Kush[5534:a0b] [D] void PrintReachabilityFlags(SCNetworkReachabilityFlags, const char *) [Line 79] Reachability Flag Status: -R -----l- networkStatusForFlags
2013-09-21 17:40:32.911 Kush[5534:a0b] [CDVTimer][pushnotificationplugin] 28.047979ms
2013-09-21 17:40:32.913 Kush[5534:a0b] [CDVTimer][TotalPluginStartup] 29.734015ms
2013-09-21 17:40:33.246 Kush[5534:a0b] Resetting plugins due to page load.
2013-09-21 17:40:33.249 Kush[5534:a0b] [E] -[UAAutoAppDelegate application:didFailToRegisterForRemoteNotificationsWithError:] [Line 43] Failed To Register For Remote Notifications With Error: Error Domain=NSCocoaErrorDomain Code=3010 "remote notifications are not supported in the simulator" UserInfo=0xc36fd80 {NSLocalizedDescription=remote notifications are not supported in the simulator}
2013-09-21 17:40:33.514 Kush[5534:a0b] Finished load of: file:///Users/kyledavis/Library/Application%20Support/iPhone%20Simulator/7.0-64/Applications/7D734531-CA86-4BC7-B313-B60540EF54E9/Kush.app/www/index.html
2013-09-21 17:40:44.008 Kush[5534:a0b] Resetting plugins due to page load.
2013-09-21 17:40:44.062 Kush[5534:a0b] Finished load of: file:///Users/kyledavis/Library/Application%20Support/iPhone%20Simulator/7.0-64/Applications/7D734531-CA86-4BC7-B313-B60540EF54E9/Kush.app/www/index.html
2013-09-21 17:40:47.909 Kush[5534:1203] [D] +[UAKeychainUtils getDeviceID] [Line 236] Retrieved device id info from keychain.
2013-09-21 17:40:47.909 Kush[5534:1203] [D] +[UAKeychainUtils getDeviceID] [Line 246] Loaded Device ID: 939E82DF-8233-4353-B986-EAA7F05470D3
2013-09-21 17:40:47.909 Kush[5534:1203] [D] +[UAKeychainUtils getDeviceID] [Line 247] Loaded Model Name: x86_64
2013-09-21 17:40:48.174 Kush[5534:a0b] [D] __39-[UAAnalytics sendOperationWithEvents:]_block_invoke [Line 622] Analytics data sent successfully. Status: 200
2013-09-21 17:41:19.278 Kush[5913:a0b] Multi-tasking -> Device: YES, App: YES
2013-09-21 17:41:19.318 Kush[5913:a0b] [I] +[UAirship executeUnsafeTakeOff:] [Line 149] App Key: naPzDmqoQJCQFojd3YiWcg
2013-09-21 17:41:19.319 Kush[5913:a0b] [I] +[UAirship executeUnsafeTakeOff:] [Line 150] App Secret: riEKMVgcRZmRf22o3KCatw
2013-09-21 17:41:19.320 Kush[5913:a0b] [I] +[UAirship executeUnsafeTakeOff:] [Line 151] Server: https://device-api.urbanairship.com
2013-09-21 17:41:19.321 Kush[5913:a0b] [D] -[UAirship configureUserAgent] [Line 288] Setting User-Agent for UA requests to Kush 1.0.0 (iPhone Simulator; iPhone OS 7.0; UALib 2.0.3; naPzDmqoQJCQFojd3YiWcg; en_US)
2013-09-21 17:41:19.323 Kush[5913:a0b] [D] void PrintReachabilityFlags(SCNetworkReachabilityFlags, const char *) [Line 79] Reachability Flag Status: -R -----l- networkStatusForFlags
2013-09-21 17:41:19.330 Kush[5913:a0b] [CDVTimer][pushnotificationplugin] 18.703997ms
2013-09-21 17:41:19.330 Kush[5913:a0b] [CDVTimer][TotalPluginStartup] 19.291997ms
2013-09-21 17:41:19.500 Kush[5913:a0b] Resetting plugins due to page load.
2013-09-21 17:41:19.502 Kush[5913:a0b] [E] -[UAAutoAppDelegate application:didFailToRegisterForRemoteNotificationsWithError:] [Line 43] Failed To Register For Remote Notifications With Error: Error Domain=NSCocoaErrorDomain Code=3010 "remote notifications are not supported in the simulator" UserInfo=0xc23d9c0 {NSLocalizedDescription=remote notifications are not supported in the simulator}
2013-09-21 17:41:19.642 Kush[5913:a0b] Finished load of: file:///Users/kyledavis/Library/Application%20Support/iPhone%20Simulator/7.0-64/Applications/7D734531-CA86-4BC7-B313-B60540EF54E9/Kush.app/www/index.html
2013-09-21 17:41:29.155 Kush[5913:a0b] Resetting plugins due to page load.
2013-09-21 17:41:29.225 Kush[5913:a0b] Finished load of: file:///Users/kyledavis/Library/Application%20Support/iPhone%20Simulator/7.0-64/Applications/7D734531-CA86-4BC7-B313-B60540EF54E9/Kush.app/www/index.html
2013-09-21 17:42:02.331 Kush[5913:3207] [D] +[UAKeychainUtils getDeviceID] [Line 236] Retrieved device id info from keychain.
2013-09-21 17:42:02.331 Kush[5913:3207] [D] +[UAKeychainUtils getDeviceID] [Line 246] Loaded Device ID: 939E82DF-8233-4353-B986-EAA7F05470D3
2013-09-21 17:42:02.332 Kush[5913:3207] [D] +[UAKeychainUtils getDeviceID] [Line 247] Loaded Model Name: x86_64
2013-09-21 17:42:02.531 Kush[5913:a0b] [D] __39-[UAAnalytics sendOperationWithEvents:]_block_invoke [Line 622] Analytics data sent successfully. Status: 200
2013-09-21 17:42:19.976 Kush[6293:a0b] Multi-tasking -> Device: YES, App: YES
2013-09-21 17:42:20.017 Kush[6293:a0b] [I] +[UAirship executeUnsafeTakeOff:] [Line 149] App Key: naPzDmqoQJCQFojd3YiWcg
2013-09-21 17:42:20.019 Kush[6293:a0b] [I] +[UAirship executeUnsafeTakeOff:] [Line 150] App Secret: riEKMVgcRZmRf22o3KCatw
2013-09-21 17:42:20.020 Kush[6293:a0b] [I] +[UAirship executeUnsafeTakeOff:] [Line 151] Server: https://device-api.urbanairship.com
2013-09-21 17:42:20.022 Kush[6293:a0b] [D] -[UAirship configureUserAgent] [Line 288] Setting User-Agent for UA requests to Kush 1.0.0 (iPhone Simulator; iPhone OS 7.0; UALib 2.0.3; naPzDmqoQJCQFojd3YiWcg; en_US)
2013-09-21 17:42:20.024 Kush[6293:a0b] [D] void PrintReachabilityFlags(SCNetworkReachabilityFlags, const char *) [Line 79] Reachability Flag Status: -R -----l- networkStatusForFlags
2013-09-21 17:42:20.033 Kush[6293:a0b] [CDVTimer][pushnotificationplugin] 23.162961ms
2013-09-21 17:42:20.034 Kush[6293:a0b] [CDVTimer][TotalPluginStartup] 24.150014ms
2013-09-21 17:42:20.516 Kush[6293:a0b] Resetting plugins due to page load.
2013-09-21 17:42:20.518 Kush[6293:a0b] [E] -[UAAutoAppDelegate application:didFailToRegisterForRemoteNotificationsWithError:] [Line 43] Failed To Register For Remote Notifications With Error: Error Domain=NSCocoaErrorDomain Code=3010 "remote notifications are not supported in the simulator" UserInfo=0xc23d070 {NSLocalizedDescription=remote notifications are not supported in the simulator}
2013-09-21 17:42:21.416 Kush[6293:a0b] Finished load of: file:///Users/kyledavis/Library/Application%20Support/iPhone%20Simulator/7.0-64/Applications/7D734531-CA86-4BC7-B313-B60540EF54E9/Kush.app/www/index.html#login
2013-09-21 17:42:35.031 Kush[6293:1003] [D] +[UAKeychainUtils getDeviceID] [Line 236] Retrieved device id info from keychain.
2013-09-21 17:42:35.031 Kush[6293:1003] [D] +[UAKeychainUtils getDeviceID] [Line 246] Loaded Device ID: 939E82DF-8233-4353-B986-EAA7F05470D3
2013-09-21 17:42:35.031 Kush[6293:1003] [D] +[UAKeychainUtils getDeviceID] [Line 247] Loaded Model Name: x86_64
2013-09-21 17:42:35.190 Kush[6293:a0b] [D] __39-[UAAnalytics sendOperationWithEvents:]_block_invoke [Line 622] Analytics data sent successfully. Status: 503
2013-09-21 17:42:40.704 Kush[6293:a0b] Resetting plugins due to page load.
2013-09-21 17:42:41.133 Kush[6293:a0b] Finished load of: file:///Users/kyledavis/Library/Application%20Support/iPhone%20Simulator/7.0-64/Applications/7D734531-CA86-4BC7-B313-B60540EF54E9/Kush.app/www/index.html#login
2013-09-21 17:43:34.313 Kush[6293:a0b] [D] __39-[UAAnalytics sendOperationWithEvents:]_block_invoke [Line 622] Analytics data sent successfully. Status: 200
2013-09-21 17:43:53.922 Kush[6293:a0b] Resetting plugins due to page load.
2013-09-21 17:43:54.313 Kush[6293:a0b] Finished load of: file:///Users/kyledavis/Library/Application%20Support/iPhone%20Simulator/7.0-64/Applications/7D734531-CA86-4BC7-B313-B60540EF54E9/Kush.app/www/index.html#dashboard
2013-09-21 17:43:57.846 Kush[6293:a0b] Resetting plugins due to page load.
2013-09-21 17:43:58.362 Kush[6293:a0b] Finished load of: file:///Users/kyledavis/Library/Application%20Support/iPhone%20Simulator/7.0-64/Applications/7D734531-CA86-4BC7-B313-B60540EF54E9/Kush.app/www/index.html#dashboard
2013-09-21 17:44:01.627 Kush[6293:a0b] Resetting plugins due to page load.
2013-09-21 17:44:01.927 Kush[6293:a0b] Finished load of: file:///Users/kyledavis/Library/Application%20Support/iPhone%20Simulator/7.0-64/Applications/7D734531-CA86-4BC7-B313-B60540EF54E9/Kush.app/www/index.html#dashboard
2013-09-21 17:44:16.512 Kush[6293:a0b] Resetting plugins due to page load.
2013-09-21 17:44:17.228 Kush[6293:a0b] Finished load of: file:///Users/kyledavis/Library/Application%20Support/iPhone%20Simulator/7.0-64/Applications/7D734531-CA86-4BC7-B313-B60540EF54E9/Kush.app/www/index.html#dashboard
2013-09-21 17:45:24.722 Kush[6293:a0b] Resetting plugins due to page load.
2013-09-21 17:45:25.337 Kush[6293:a0b] Finished load of: file:///Users/kyledavis/Library/Application%20Support/iPhone%20Simulator/7.0-64/Applications/7D734531-CA86-4BC7-B313-B60540EF54E9/Kush.app/www/index.html#dashboard
2013-09-21 17:46:59.978 Kush[6293:a0b] Resetting plugins due to page load.
2013-09-21 17:47:00.557 Kush[6293:a0b] Finished load of: file:///Users/kyledavis/Library/Application%20Support/iPhone%20Simulator/7.0-64/Applications/7D734531-CA86-4BC7-B313-B60540EF54E9/Kush.app/www/index.html#dashboard
2013-09-21 17:47:01.236 Kush[6293:4d8f] [D] -[UAPush updateRegistrationForcefully:] [Line 492] Device token is nil. Registration will be attempted at a later time
2013-09-21 17:52:23.827 Kush[6770:a0b] Multi-tasking -> Device: YES, App: YES
2013-09-21 17:52:23.989 Kush[6770:a0b] [I] +[UAirship executeUnsafeTakeOff:] [Line 149] App Key: naPzDmqoQJCQFojd3YiWcg
2013-09-21 17:52:23.990 Kush[6770:a0b] [I] +[UAirship executeUnsafeTakeOff:] [Line 150] App Secret: riEKMVgcRZmRf22o3KCatw
2013-09-21 17:52:23.991 Kush[6770:a0b] [I] +[UAirship executeUnsafeTakeOff:] [Line 151] Server: https://device-api.urbanairship.com
2013-09-21 17:52:23.992 Kush[6770:a0b] [D] -[UAirship configureUserAgent] [Line 288] Setting User-Agent for UA requests to Kush 1.0.0 (iPhone Simulator; iPhone OS 7.0; UALib 2.0.3; naPzDmqoQJCQFojd3YiWcg; en_US)
2013-09-21 17:52:23.995 Kush[6770:a0b] [D] void PrintReachabilityFlags(SCNetworkReachabilityFlags, const char *) [Line 79] Reachability Flag Status: -R -----l- networkStatusForFlags
2013-09-21 17:52:24.001 Kush[6770:a0b] [CDVTimer][pushnotificationplugin] 17.297983ms
2013-09-21 17:52:24.001 Kush[6770:a0b] [CDVTimer][TotalPluginStartup] 17.888963ms
2013-09-21 17:52:24.154 Kush[6770:a0b] Resetting plugins due to page load.
2013-09-21 17:52:24.156 Kush[6770:a0b] [E] -[UAAutoAppDelegate application:didFailToRegisterForRemoteNotificationsWithError:] [Line 43] Failed To Register For Remote Notifications With Error: Error Domain=NSCocoaErrorDomain Code=3010 "remote notifications are not supported in the simulator" UserInfo=0xc3b7040 {NSLocalizedDescription=remote notifications are not supported in the simulator}
2013-09-21 17:52:25.183 Kush[6770:a0b] Finished load of: file:///Users/kyledavis/Library/Application%20Support/iPhone%20Simulator/7.0-64/Applications/7D734531-CA86-4BC7-B313-B60540EF54E9/Kush.app/www/index.html
2013-09-21 17:52:39.000 Kush[6770:1203] [D] +[UAKeychainUtils getDeviceID] [Line 236] Retrieved device id info from keychain.
2013-09-21 17:52:39.000 Kush[6770:1203] [D] +[UAKeychainUtils getDeviceID] [Line 246] Loaded Device ID: 939E82DF-8233-4353-B986-EAA7F05470D3
2013-09-21 17:52:39.000 Kush[6770:1203] [D] +[UAKeychainUtils getDeviceID] [Line 247] Loaded Model Name: x86_64
2013-09-21 17:52:39.192 Kush[6770:a0b] [D] __39-[UAAnalytics sendOperationWithEvents:]_block_invoke [Line 622] Analytics data sent successfully. Status: 200
2013-09-21 19:03:56.931 Kush[9578:a0b] Multi-tasking -> Device: YES, App: YES
2013-09-21 19:03:56.972 Kush[9578:a0b] [I] +[UAirship executeUnsafeTakeOff:] [Line 149] App Key: naPzDmqoQJCQFojd3YiWcg
2013-09-21 19:03:56.974 Kush[9578:a0b] [I] +[UAirship executeUnsafeTakeOff:] [Line 150] App Secret: riEKMVgcRZmRf22o3KCatw
2013-09-21 19:03:56.974 Kush[9578:a0b] [I] +[UAirship executeUnsafeTakeOff:] [Line 151] Server: https://device-api.urbanairship.com
2013-09-21 19:03:56.975 Kush[9578:a0b] [D] -[UAirship configureUserAgent] [Line 288] Setting User-Agent for UA requests to Kush 1.0.0 (iPhone Simulator; iPhone OS 7.0; UALib 2.0.3; naPzDmqoQJCQFojd3YiWcg; en_US)
2013-09-21 19:03:56.977 Kush[9578:a0b] [D] void PrintReachabilityFlags(SCNetworkReachabilityFlags, const char *) [Line 79] Reachability Flag Status: -R -----l- networkStatusForFlags
2013-09-21 19:03:56.983 Kush[9578:a0b] [CDVTimer][pushnotificationplugin] 17.150998ms
2013-09-21 19:03:56.983 Kush[9578:a0b] [CDVTimer][TotalPluginStartup] 17.708957ms
2013-09-21 19:03:57.195 Kush[9578:a0b] Resetting plugins due to page load.
2013-09-21 19:03:57.199 Kush[9578:a0b] [E] -[UAAutoAppDelegate application:didFailToRegisterForRemoteNotificationsWithError:] [Line 43] Failed To Register For Remote Notifications With Error: Error Domain=NSCocoaErrorDomain Code=3010 "remote notifications are not supported in the simulator" UserInfo=0xb37a9d0 {NSLocalizedDescription=remote notifications are not supported in the simulator}
2013-09-21 19:03:57.779 Kush[9578:a0b] Finished load of: file:///Users/kyledavis/Library/Application%20Support/iPhone%20Simulator/7.0-64/Applications/7D734531-CA86-4BC7-B313-B60540EF54E9/Kush.app/www/index.html
2013-09-21 19:04:11.983 Kush[9578:1003] [D] +[UAKeychainUtils getDeviceID] [Line 236] Retrieved device id info from keychain.
2013-09-21 19:04:11.983 Kush[9578:1003] [D] +[UAKeychainUtils getDeviceID] [Line 246] Loaded Device ID: 939E82DF-8233-4353-B986-EAA7F05470D3
2013-09-21 19:04:11.983 Kush[9578:1003] [D] +[UAKeychainUtils getDeviceID] [Line 247] Loaded Model Name: x86_64
2013-09-21 19:04:12.143 Kush[9578:a0b] [D] __39-[UAAnalytics sendOperationWithEvents:]_block_invoke [Line 622] Analytics data sent successfully. Status: 200
2013-09-21 19:07:02.323 Kush[10088:a0b] Multi-tasking -> Device: YES, App: YES
2013-09-21 19:07:02.357 Kush[10088:a0b] [I] +[UAirship executeUnsafeTakeOff:] [Line 149] App Key: naPzDmqoQJCQFojd3YiWcg
2013-09-21 19:07:02.358 Kush[10088:a0b] [I] +[UAirship executeUnsafeTakeOff:] [Line 150] App Secret: riEKMVgcRZmRf22o3KCatw
2013-09-21 19:07:02.358 Kush[10088:a0b] [I] +[UAirship executeUnsafeTakeOff:] [Line 151] Server: https://device-api.urbanairship.com
2013-09-21 19:07:02.359 Kush[10088:a0b] [D] -[UAirship configureUserAgent] [Line 288] Setting User-Agent for UA requests to Kush 1.0.0 (iPhone Simulator; iPhone OS 7.0; UALib 2.0.3; naPzDmqoQJCQFojd3YiWcg; en_US)
2013-09-21 19:07:02.362 Kush[10088:a0b] [D] void PrintReachabilityFlags(SCNetworkReachabilityFlags, const char *) [Line 79] Reachability Flag Status: -R -----l- networkStatusForFlags
2013-09-21 19:07:02.368 Kush[10088:a0b] [CDVTimer][pushnotificationplugin] 17.840028ms
2013-09-21 19:07:02.369 Kush[10088:a0b] [CDVTimer][TotalPluginStartup] 18.495977ms
2013-09-21 19:07:02.750 Kush[10088:a0b] Resetting plugins due to page load.
2013-09-21 19:07:02.752 Kush[10088:a0b] [E] -[UAAutoAppDelegate application:didFailToRegisterForRemoteNotificationsWithError:] [Line 43] Failed To Register For Remote Notifications With Error: Error Domain=NSCocoaErrorDomain Code=3010 "remote notifications are not supported in the simulator" UserInfo=0xc274030 {NSLocalizedDescription=remote notifications are not supported in the simulator}
2013-09-21 19:07:03.245 Kush[10088:a0b] Finished load of: file:///Users/kyledavis/Library/Application%20Support/iPhone%20Simulator/7.0-64/Applications/7D734531-CA86-4BC7-B313-B60540EF54E9/Kush.app/www/index.html#login
2013-09-21 19:07:17.367 Kush[10088:1003] [D] +[UAKeychainUtils getDeviceID] [Line 236] Retrieved device id info from keychain.
2013-09-21 19:07:17.367 Kush[10088:1003] [D] +[UAKeychainUtils getDeviceID] [Line 246] Loaded Device ID: 939E82DF-8233-4353-B986-EAA7F05470D3
2013-09-21 19:07:17.368 Kush[10088:1003] [D] +[UAKeychainUtils getDeviceID] [Line 247] Loaded Model Name: x86_64
2013-09-21 19:07:17.618 Kush[10088:a0b] [D] __39-[UAAnalytics sendOperationWithEvents:]_block_invoke [Line 622] Analytics data sent successfully. Status: 200
2013-09-21 21:11:40.428 Kush[14770:a0b] Multi-tasking -> Device: YES, App: YES
2013-09-21 21:11:40.455 Kush[14770:a0b] Fix applied for database locations?: YES
2013-09-21 21:11:40.497 Kush[14770:a0b] [I] +[UAirship executeUnsafeTakeOff:] [Line 149] App Key: naPzDmqoQJCQFojd3YiWcg
2013-09-21 21:11:40.498 Kush[14770:a0b] [I] +[UAirship executeUnsafeTakeOff:] [Line 150] App Secret: riEKMVgcRZmRf22o3KCatw
2013-09-21 21:11:40.499 Kush[14770:a0b] [I] +[UAirship executeUnsafeTakeOff:] [Line 151] Server: https://device-api.urbanairship.com
2013-09-21 21:11:40.500 Kush[14770:a0b] [D] -[UAirship configureUserAgent] [Line 288] Setting User-Agent for UA requests to Kush 1.0.0 (iPhone Simulator; iPhone OS 7.0; UALib 2.0.3; naPzDmqoQJCQFojd3YiWcg; en_US)
2013-09-21 21:11:40.504 Kush[14770:a0b] [D] void PrintReachabilityFlags(SCNetworkReachabilityFlags, const char *) [Line 79] Reachability Flag Status: -R -----l- networkStatusForFlags
2013-09-21 21:11:40.511 Kush[14770:a0b] [CDVTimer][pushnotificationplugin] 21.357000ms
2013-09-21 21:11:40.511 Kush[14770:a0b] [CDVTimer][TotalPluginStartup] 22.079051ms
2013-09-21 21:11:40.809 Kush[14770:a0b] Resetting plugins due to page load.
2013-09-21 21:11:40.812 Kush[14770:a0b] [E] -[UAAutoAppDelegate application:didFailToRegisterForRemoteNotificationsWithError:] [Line 43] Failed To Register For Remote Notifications With Error: Error Domain=NSCocoaErrorDomain Code=3010 "remote notifications are not supported in the simulator" UserInfo=0xcc97620 {NSLocalizedDescription=remote notifications are not supported in the simulator}
2013-09-21 21:11:41.396 Kush[14770:a0b] Finished load of: file:///Users/kyledavis/Library/Application%20Support/iPhone%20Simulator/7.0-64/Applications/0D313822-CF37-432A-A7DB-D6F9E304F416/Kush.app/www/index.html#login
2013-09-21 21:11:55.510 Kush[14770:1203] [D] +[UAKeychainUtils getDeviceID] [Line 236] Retrieved device id info from keychain.
2013-09-21 21:11:55.510 Kush[14770:1203] [D] +[UAKeychainUtils getDeviceID] [Line 246] Loaded Device ID: 939E82DF-8233-4353-B986-EAA7F05470D3
2013-09-21 21:11:55.511 Kush[14770:1203] [D] +[UAKeychainUtils getDeviceID] [Line 247] Loaded Model Name: x86_64
2013-09-21 21:11:55.687 Kush[14770:a0b] [D] __39-[UAAnalytics sendOperationWithEvents:]_block_invoke [Line 622] Analytics data sent successfully. Status: 200
2013-09-22 11:28:17.238 Kush[31028:c07] Multi-tasking -> Device: YES, App: YES
2013-09-22 11:28:17.282 Kush[31028:c07] PRODUCTION: 0
2013-09-22 11:28:17.283 Kush[31028:c07] Delete Keychain Access: 0
2013-09-22 11:28:17.289 Kush[31028:c07] [I] +[UAirship executeUnsafeTakeOff:] [Line 149] App Key: naPzDmqoQJCQFojd3YiWcg
2013-09-22 11:28:17.290 Kush[31028:c07] [I] +[UAirship executeUnsafeTakeOff:] [Line 150] App Secret: riEKMVgcRZmRf22o3KCatw
2013-09-22 11:28:17.291 Kush[31028:c07] [I] +[UAirship executeUnsafeTakeOff:] [Line 151] Server: https://device-api.urbanairship.com
2013-09-22 11:28:17.291 Kush[31028:c07] [D] -[UAirship configureUserAgent] [Line 288] Setting User-Agent for UA requests to Kush 1.0.0 (iPhone Simulator; iPhone OS 6.1; UALib 2.0.3; naPzDmqoQJCQFojd3YiWcg; en_US)
2013-09-22 11:28:17.294 Kush[31028:c07] [D] void PrintReachabilityFlags(SCNetworkReachabilityFlags, const char *) [Line 79] Reachability Flag Status: -R -----l- networkStatusForFlags
2013-09-22 11:28:17.299 Kush[31028:c07] [CDVTimer][pushnotificationplugin] 18.023014ms
2013-09-22 11:28:17.299 Kush[31028:c07] [CDVTimer][TotalPluginStartup] 18.483996ms
2013-09-22 11:28:17.324 Kush[31028:c07] [E] -[UAAutoAppDelegate application:didFailToRegisterForRemoteNotificationsWithError:] [Line 43] Failed To Register For Remote Notifications With Error: Error Domain=NSCocoaErrorDomain Code=3010 "remote notifications are not supported in the simulator" UserInfo=0xa352500 {NSLocalizedDescription=remote notifications are not supported in the simulator}
2013-09-22 11:28:17.328 Kush[31028:c07] Resetting plugins due to page load.
2013-09-22 11:28:21.745 Kush[31028:c07] Finished load of: file:///Users/kyledavis/Library/Application%20Support/iPhone%20Simulator/6.1/Applications/C364001F-42BE-47D7-83D9-73B710E80B61/Kush.app/www/index.html#login
2013-09-22 11:28:32.463 Kush[31028:6807] [D] +[UAKeychainUtils getDeviceID] [Line 236] Retrieved device id info from keychain.
2013-09-22 11:28:32.463 Kush[31028:6807] [D] +[UAKeychainUtils getDeviceID] [Line 246] Loaded Device ID: C7A7B758-3C52-4936-BFA7-796FB5C9ECE2
2013-09-22 11:28:32.464 Kush[31028:6807] [D] +[UAKeychainUtils getDeviceID] [Line 247] Loaded Model Name: x86_64
2013-09-22 11:28:32.648 Kush[31028:c07] [D] __39-[UAAnalytics sendOperationWithEvents:]_block_invoke [Line 622] Analytics data sent successfully. Status: 200
2013-09-22 12:54:27.565 Kush[32923:c07] Multi-tasking -> Device: YES, App: YES
2013-09-22 12:54:27.617 Kush[32923:c07] PRODUCTION: 0
2013-09-22 12:54:27.618 Kush[32923:c07] Delete Keychain Access: 0
2013-09-22 12:54:27.624 Kush[32923:c07] [I] +[UAirship executeUnsafeTakeOff:] [Line 149] App Key: naPzDmqoQJCQFojd3YiWcg
2013-09-22 12:54:27.625 Kush[32923:c07] [I] +[UAirship executeUnsafeTakeOff:] [Line 150] App Secret: riEKMVgcRZmRf22o3KCatw
2013-09-22 12:54:27.625 Kush[32923:c07] [I] +[UAirship executeUnsafeTakeOff:] [Line 151] Server: https://device-api.urbanairship.com
2013-09-22 12:54:27.626 Kush[32923:c07] [D] -[UAirship configureUserAgent] [Line 288] Setting User-Agent for UA requests to Kush 1.0.0 (iPhone Simulator; iPhone OS 6.1; UALib 2.0.3; naPzDmqoQJCQFojd3YiWcg; en_US)
2013-09-22 12:54:27.629 Kush[32923:c07] [D] void PrintReachabilityFlags(SCNetworkReachabilityFlags, const char *) [Line 79] Reachability Flag Status: -R -----l- networkStatusForFlags
2013-09-22 12:54:27.803 Kush[32923:c07] [CDVTimer][pushnotificationplugin] 186.215997ms
2013-09-22 12:54:27.804 Kush[32923:c07] [CDVTimer][TotalPluginStartup] 186.878979ms
2013-09-22 12:54:27.829 Kush[32923:c07] [E] -[UAAutoAppDelegate application:didFailToRegisterForRemoteNotificationsWithError:] [Line 43] Failed To Register For Remote Notifications With Error: Error Domain=NSCocoaErrorDomain Code=3010 "remote notifications are not supported in the simulator" UserInfo=0xa57f860 {NSLocalizedDescription=remote notifications are not supported in the simulator}
2013-09-22 12:54:27.834 Kush[32923:c07] Resetting plugins due to page load.
2013-09-22 12:54:42.783 Kush[32923:5403] [D] +[UAKeychainUtils getDeviceID] [Line 236] Retrieved device id info from keychain.
2013-09-22 12:54:42.783 Kush[32923:5403] [D] +[UAKeychainUtils getDeviceID] [Line 246] Loaded Device ID: C7A7B758-3C52-4936-BFA7-796FB5C9ECE2
2013-09-22 12:54:42.783 Kush[32923:5403] [D] +[UAKeychainUtils getDeviceID] [Line 247] Loaded Model Name: x86_64
2013-09-22 12:54:42.965 Kush[32923:c07] [D] __39-[UAAnalytics sendOperationWithEvents:]_block_invoke [Line 622] Analytics data sent successfully. Status: 200
2013-09-22 12:59:50.941 Kush[32923:2703] void SendDelegateMessage(NSInvocation *): delegate (webView:runJavaScriptAlertPanelWithMessage:initiatedByFrame:) failed to return after waiting 10 seconds. main run loop mode: kCFRunLoopDefaultMode
2013-09-22 12:59:51.499 Kush[32923:c07] Finished load of: file:///Users/kyledavis/Library/Application%20Support/iPhone%20Simulator/6.1/Applications/C364001F-42BE-47D7-83D9-73B710E80B61/Kush.app/www/index.html#login
2013-09-22 13:00:22.479 Kush[32923:c07] Resetting plugins due to page load.
2013-09-22 13:00:24.852 Kush[32923:c07] Finished load of: file:///Users/kyledavis/Library/Application%20Support/iPhone%20Simulator/6.1/Applications/C364001F-42BE-47D7-83D9-73B710E80B61/Kush.app/www/index.html#login
2013-09-22 13:00:48.094 Kush[32923:c07] Resetting plugins due to page load.
2013-09-22 13:00:52.600 Kush[32923:c07] Finished load of: file:///Users/kyledavis/Library/Application%20Support/iPhone%20Simulator/6.1/Applications/C364001F-42BE-47D7-83D9-73B710E80B61/Kush.app/www/index.html#login
2013-09-22 13:01:13.372 Kush[32923:c07] Resetting plugins due to page load.
2013-09-22 13:01:16.324 Kush[32923:c07] Finished load of: file:///Users/kyledavis/Library/Application%20Support/iPhone%20Simulator/6.1/Applications/C364001F-42BE-47D7-83D9-73B710E80B61/Kush.app/www/index.html#login
2013-09-22 13:01:37.269 Kush[32923:c07] Resetting plugins due to page load.
2013-09-22 13:01:41.425 Kush[32923:c07] Finished load of: file:///Users/kyledavis/Library/Application%20Support/iPhone%20Simulator/6.1/Applications/C364001F-42BE-47D7-83D9-73B710E80B61/Kush.app/www/index.html#login
2013-09-22 13:01:42.454 Kush[32923:c07] Resetting plugins due to page load.
2013-09-22 13:01:44.223 Kush[32923:c07] Finished load of: file:///Users/kyledavis/Library/Application%20Support/iPhone%20Simulator/6.1/Applications/C364001F-42BE-47D7-83D9-73B710E80B61/Kush.app/www/index.html#login
2013-09-25 18:15:33.010 Kush[63550:c07] Multi-tasking -> Device: YES, App: YES
2013-09-25 18:15:33.070 Kush[63550:c07] PRODUCTION: 0
2013-09-25 18:15:33.076 Kush[63550:c07] Delete Keychain Access: 0
2013-09-25 18:15:33.088 Kush[63550:c07] [I] +[UAirship executeUnsafeTakeOff:] [Line 149] App Key: naPzDmqoQJCQFojd3YiWcg
2013-09-25 18:15:33.089 Kush[63550:c07] [I] +[UAirship executeUnsafeTakeOff:] [Line 150] App Secret: riEKMVgcRZmRf22o3KCatw
2013-09-25 18:15:33.090 Kush[63550:c07] [I] +[UAirship executeUnsafeTakeOff:] [Line 151] Server: https://device-api.urbanairship.com
2013-09-25 18:15:33.091 Kush[63550:c07] [D] -[UAirship configureUserAgent] [Line 288] Setting User-Agent for UA requests to Kush 1.0.0 (iPhone Simulator; iPhone OS 6.1; UALib 2.0.3; naPzDmqoQJCQFojd3YiWcg; en_US)
2013-09-25 18:15:33.094 Kush[63550:c07] [D] void PrintReachabilityFlags(SCNetworkReachabilityFlags, const char *) [Line 79] Reachability Flag Status: -R -----l- networkStatusForFlags
2013-09-25 18:15:33.101 Kush[63550:c07] [CDVTimer][pushnotificationplugin] 33.747017ms
2013-09-25 18:15:33.103 Kush[63550:c07] [CDVTimer][TotalPluginStartup] 34.983039ms
2013-09-25 18:15:33.226 Kush[63550:c07] [E] -[UAAutoAppDelegate application:didFailToRegisterForRemoteNotificationsWithError:] [Line 43] Failed To Register For Remote Notifications With Error: Error Domain=NSCocoaErrorDomain Code=3010 "remote notifications are not supported in the simulator" UserInfo=0xb07f240 {NSLocalizedDescription=remote notifications are not supported in the simulator}
2013-09-25 18:15:33.229 Kush[63550:c07] Resetting plugins due to page load.
2013-09-25 18:15:34.361 Kush[63550:c07] Finished load of: file:///Users/kyledavis/Library/Application%20Support/iPhone%20Simulator/6.1/Applications/C364001F-42BE-47D7-83D9-73B710E80B61/Kush.app/www/index.html#login
2013-09-25 18:15:34.721 Kush[63550:c07] Simulator slow-motion animations are now on
2013-09-25 18:15:48.290 Kush[63550:8903] [D] +[UAKeychainUtils getDeviceID] [Line 236] Retrieved device id info from keychain.
2013-09-25 18:15:48.290 Kush[63550:8903] [D] +[UAKeychainUtils getDeviceID] [Line 246] Loaded Device ID: C7A7B758-3C52-4936-BFA7-796FB5C9ECE2
2013-09-25 18:15:48.291 Kush[63550:8903] [D] +[UAKeychainUtils getDeviceID] [Line 247] Loaded Model Name: x86_64
2013-09-25 18:15:48.460 Kush[63550:c07] [D] __39-[UAAnalytics sendOperationWithEvents:]_block_invoke [Line 622] Analytics data sent successfully. Status: 200
2013-09-25 18:53:38.307 Kush[64988:a0b] Multi-tasking -> Device: YES, App: YES
2013-09-25 18:53:38.340 Kush[64988:a0b] PRODUCTION: 0
2013-09-25 18:53:38.341 Kush[64988:a0b] Delete Keychain Access: 0
2013-09-25 18:53:38.350 Kush[64988:a0b] [I] +[UAirship executeUnsafeTakeOff:] [Line 149] App Key: naPzDmqoQJCQFojd3YiWcg
2013-09-25 18:53:38.350 Kush[64988:a0b] [I] +[UAirship executeUnsafeTakeOff:] [Line 150] App Secret: riEKMVgcRZmRf22o3KCatw
2013-09-25 18:53:38.351 Kush[64988:a0b] [I] +[UAirship executeUnsafeTakeOff:] [Line 151] Server: https://device-api.urbanairship.com
2013-09-25 18:53:38.353 Kush[64988:a0b] [D] -[UAirship configureUserAgent] [Line 288] Setting User-Agent for UA requests to Kush 1.0.0 (iPhone Simulator; iPhone OS 7.0; UALib 2.0.3; naPzDmqoQJCQFojd3YiWcg; en_US)
2013-09-25 18:53:38.359 Kush[64988:a0b] [D] void PrintReachabilityFlags(SCNetworkReachabilityFlags, const char *) [Line 79] Reachability Flag Status: -R -----l- networkStatusForFlags
2013-09-25 18:53:38.368 Kush[64988:a0b] [CDVTimer][pushnotificationplugin] 27.785003ms
2013-09-25 18:53:38.370 Kush[64988:a0b] [CDVTimer][TotalPluginStartup] 30.035019ms
2013-09-25 18:53:38.602 Kush[64988:a0b] Resetting plugins due to page load.
2013-09-25 18:53:38.604 Kush[64988:a0b] [E] -[UAAutoAppDelegate application:didFailToRegisterForRemoteNotificationsWithError:] [Line 43] Failed To Register For Remote Notifications With Error: Error Domain=NSCocoaErrorDomain Code=3010 "remote notifications are not supported in the simulator" UserInfo=0xc16c690 {NSLocalizedDescription=remote notifications are not supported in the simulator}
2013-09-25 18:53:39.250 Kush[64988:a0b] Finished load of: file:///Users/kyledavis/Library/Application%20Support/iPhone%20Simulator/7.0/Applications/9B74A445-FA01-4A45-B47A-037926A427F1/Kush.app/www/index.html#login
2013-09-25 18:53:58.368 Kush[64988:1203] [D] +[UAKeychainUtils getDeviceID] [Line 236] Retrieved device id info from keychain.
2013-09-25 18:53:58.368 Kush[64988:1203] [D] +[UAKeychainUtils getDeviceID] [Line 246] Loaded Device ID: 0CE10563-6EB6-4CAE-92B7-1B6B897B9156
2013-09-25 18:53:58.368 Kush[64988:1203] [D] +[UAKeychainUtils getDeviceID] [Line 247] Loaded Model Name: x86_64
2013-09-25 18:53:58.573 Kush[64988:a0b] [D] __39-[UAAnalytics sendOperationWithEvents:]_block_invoke [Line 622] Analytics data sent successfully. Status: 200
2013-09-25 18:54:05.581 Kush[64988:a0b] Resetting plugins due to page load.
2013-09-25 18:54:05.956 Kush[64988:a0b] Finished load of: file:///Users/kyledavis/Library/Application%20Support/iPhone%20Simulator/7.0/Applications/9B74A445-FA01-4A45-B47A-037926A427F1/Kush.app/www/index.html#login
2013-09-25 18:55:44.176 Kush[64988:a0b] ERROR: Plugin 'org.apache.cordova.facebook.Connect' not found, or is not a CDVPlugin. Check your plugin mapping in config.xml.
2013-09-25 18:55:44.177 Kush[64988:a0b] -[CDVCommandQueue executePending] [Line 116] FAILED pluginJSON = [
  "org.apache.cordova.facebook.Connect776908323",
  "org.apache.cordova.facebook.Connect",
  "init",
  [
    "165551683650094"
  ]
]
2013-09-25 18:55:44.177 Kush[64988:a0b] ERROR: Plugin 'org.apache.cordova.facebook.Connect' not found, or is not a CDVPlugin. Check your plugin mapping in config.xml.
2013-09-25 18:55:44.178 Kush[64988:a0b] -[CDVCommandQueue executePending] [Line 116] FAILED pluginJSON = [
  "org.apache.cordova.facebook.Connect776908324",
  "org.apache.cordova.facebook.Connect",
  "getLoginStatus",
  [

  ]
]
2013-09-25 18:56:11.988 Kush[64988:a0b] ERROR: Plugin 'org.apache.cordova.facebook.Connect' not found, or is not a CDVPlugin. Check your plugin mapping in config.xml.
2013-09-25 18:56:11.989 Kush[64988:a0b] -[CDVCommandQueue executePending] [Line 116] FAILED pluginJSON = [
  "org.apache.cordova.facebook.Connect776908325",
  "org.apache.cordova.facebook.Connect",
  "getLoginStatus",
  [

  ]
]
2013-09-25 18:56:45.547 Kush[64988:a0b] Resetting plugins due to page load.
2013-09-25 18:56:46.276 Kush[64988:a0b] Finished load of: file:///Users/kyledavis/Library/Application%20Support/iPhone%20Simulator/7.0/Applications/9B74A445-FA01-4A45-B47A-037926A427F1/Kush.app/www/index.html#login
2013-09-25 20:20:10.951 Kush[64988:a0b] Resetting plugins due to page load.
2013-09-25 20:20:11.627 Kush[64988:a0b] ERROR: Plugin 'org.apache.cordova.facebook.Connect' not found, or is not a CDVPlugin. Check your plugin mapping in config.xml.
2013-09-25 20:20:11.628 Kush[64988:a0b] -[CDVCommandQueue executePending] [Line 116] FAILED pluginJSON = [
  "org.apache.cordova.facebook.Connect1151934383",
  "org.apache.cordova.facebook.Connect",
  "init",
  [
    "165551683650094"
  ]
]
2013-09-25 20:20:11.629 Kush[64988:a0b] ERROR: Plugin 'org.apache.cordova.facebook.Connect' not found, or is not a CDVPlugin. Check your plugin mapping in config.xml.
2013-09-25 20:20:11.629 Kush[64988:a0b] -[CDVCommandQueue executePending] [Line 116] FAILED pluginJSON = [
  "org.apache.cordova.facebook.Connect1151934384",
  "org.apache.cordova.facebook.Connect",
  "getLoginStatus",
  [

  ]
]
2013-09-26 07:56:58.323 Kush[64988:a0b] Finished load of: file:///Users/kyledavis/Library/Application%20Support/iPhone%20Simulator/7.0/Applications/9B74A445-FA01-4A45-B47A-037926A427F1/Kush.app/www/index.html#login
